2017-04-14 5:27:11 - PHP Notice:  Undefined variable: option_values in E:\dev\xampp\htdocs\JeremyCastillo\admin\view\template\catalog\showcase_form.tpl on line 58
2017-04-14 5:27:11 - PHP Warning:  Invalid argument supplied for foreach() in E:\dev\xampp\htdocs\JeremyCastillo\admin\view\template\catalog\showcase_form.tpl on line 58
2017-04-14 5:27:11 - PHP Notice:  Undefined variable: placeholder in E:\dev\xampp\htdocs\JeremyCastillo\admin\view\template\catalog\showcase_form.tpl on line 110
2017-04-14 5:27:11 - PHP Notice:  Undefined variable: placeholder in E:\dev\xampp\htdocs\JeremyCastillo\admin\view\template\catalog\showcase_form.tpl on line 110
2017-04-14 5:28:03 - PHP Notice:  Undefined variable: placeholder in E:\dev\xampp\htdocs\JeremyCastillo\admin\view\template\catalog\showcase_form.tpl on line 110
2017-04-14 5:28:03 - PHP Notice:  Undefined variable: placeholder in E:\dev\xampp\htdocs\JeremyCastillo\admin\view\template\catalog\showcase_form.tpl on line 110
2017-04-14 5:38:36 - PHP Notice:  Undefined variable: entry_showcase_command in E:\dev\xampp\htdocs\JeremyCastillo\admin\view\template\catalog\showcase_form.tpl on line 50
2017-04-14 5:38:36 - PHP Notice:  Undefined variable: button_showcase_command_add in E:\dev\xampp\htdocs\JeremyCastillo\admin\view\template\catalog\showcase_form.tpl on line 80
2017-04-14 5:38:36 - PHP Notice:  Undefined variable: entry_showcase_command in E:\dev\xampp\htdocs\JeremyCastillo\admin\view\template\catalog\showcase_form.tpl on line 96
2017-04-14 5:38:36 - PHP Notice:  Undefined variable: placeholder in E:\dev\xampp\htdocs\JeremyCastillo\admin\view\template\catalog\showcase_form.tpl on line 100
2017-04-14 5:38:36 - PHP Notice:  Undefined variable: placeholder in E:\dev\xampp\htdocs\JeremyCastillo\admin\view\template\catalog\showcase_form.tpl on line 100
2017-04-14 5:39:17 - PHP Notice:  Undefined variable: entry_showcase_command in E:\dev\xampp\htdocs\JeremyCastillo\admin\view\template\catalog\showcase_form.tpl on line 50
2017-04-14 5:39:17 - PHP Notice:  Undefined variable: button_showcase_command_add in E:\dev\xampp\htdocs\JeremyCastillo\admin\view\template\catalog\showcase_form.tpl on line 80
2017-04-14 5:39:17 - PHP Notice:  Undefined variable: entry_showcase_command in E:\dev\xampp\htdocs\JeremyCastillo\admin\view\template\catalog\showcase_form.tpl on line 96
2017-04-14 5:39:17 - PHP Notice:  Undefined variable: placeholder in E:\dev\xampp\htdocs\JeremyCastillo\admin\view\template\catalog\showcase_form.tpl on line 100
2017-04-14 5:39:17 - PHP Notice:  Undefined variable: placeholder in E:\dev\xampp\htdocs\JeremyCastillo\admin\view\template\catalog\showcase_form.tpl on line 100
2017-04-14 5:39:44 - PHP Notice:  Undefined variable: button_showcase_command_add in E:\dev\xampp\htdocs\JeremyCastillo\admin\view\template\catalog\showcase_form.tpl on line 80
2017-04-14 5:39:44 - PHP Notice:  Undefined variable: placeholder in E:\dev\xampp\htdocs\JeremyCastillo\admin\view\template\catalog\showcase_form.tpl on line 100
2017-04-14 5:39:44 - PHP Notice:  Undefined variable: placeholder in E:\dev\xampp\htdocs\JeremyCastillo\admin\view\template\catalog\showcase_form.tpl on line 100
2017-04-14 5:40:06 - PHP Notice:  Undefined variable: button_showcase_command_add in E:\dev\xampp\htdocs\JeremyCastillo\admin\view\template\catalog\showcase_form.tpl on line 80
2017-04-14 5:40:06 - PHP Notice:  Undefined variable: placeholder in E:\dev\xampp\htdocs\JeremyCastillo\admin\view\template\catalog\showcase_form.tpl on line 100
2017-04-14 5:40:06 - PHP Notice:  Undefined variable: placeholder in E:\dev\xampp\htdocs\JeremyCastillo\admin\view\template\catalog\showcase_form.tpl on line 100
2017-04-14 5:42:02 - PHP Notice:  Undefined variable: placeholder in E:\dev\xampp\htdocs\JeremyCastillo\admin\view\template\catalog\showcase_form.tpl on line 100
2017-04-14 5:42:02 - PHP Notice:  Undefined variable: placeholder in E:\dev\xampp\htdocs\JeremyCastillo\admin\view\template\catalog\showcase_form.tpl on line 100
2017-04-15 18:38:05 - PHP Notice:  Undefined variable: options in E:\dev\xampp\htdocs\JeremyCastillo\admin\view\template\catalog\showcase_list.tpl on line 52
2017-04-15 20:43:25 - PHP Notice:  Undefined index: title in E:\dev\xampp\htdocs\JeremyCastillo\admin\model\catalog\showcase.php on line 4
2017-04-15 20:43:25 - PHP Notice:  Undefined index: is_edit in E:\dev\xampp\htdocs\JeremyCastillo\admin\model\catalog\showcase.php on line 10
2017-04-15 20:43:25 - PHP Notice:  Undefined index: name in E:\dev\xampp\htdocs\JeremyCastillo\admin\controller\catalog\showcase.php on line 177
2017-04-15 20:43:25 - PHP Notice:  Undefined index: title in E:\dev\xampp\htdocs\JeremyCastillo\admin\view\template\catalog\showcase_list.tpl on line 60
2017-04-15 20:44:18 - PHP Notice:  Undefined index: type in E:\dev\xampp\htdocs\JeremyCastillo\admin\controller\catalog\showcase.php on line 350
2017-04-15 20:44:18 - PHP Notice:  Undefined index: showcase_command_result in E:\dev\xampp\htdocs\JeremyCastillo\admin\view\template\catalog\showcase_form.tpl on line 64
2017-04-15 20:44:18 - PHP Notice:  Undefined index: showcase_command_is_edit in E:\dev\xampp\htdocs\JeremyCastillo\admin\view\template\catalog\showcase_form.tpl on line 65
2017-04-15 20:45:26 - PHP Notice:  Undefined index: command in E:\dev\xampp\htdocs\JeremyCastillo\admin\view\template\catalog\showcase_form.tpl on line 63
2017-04-15 20:45:26 - PHP Notice:  Undefined index: reuslt in E:\dev\xampp\htdocs\JeremyCastillo\admin\view\template\catalog\showcase_form.tpl on line 64
2017-04-15 20:45:26 - PHP Notice:  Undefined index: is_edit in E:\dev\xampp\htdocs\JeremyCastillo\admin\view\template\catalog\showcase_form.tpl on line 65
2017-04-15 20:46:44 - PHP Notice:  Undefined index: command in E:\dev\xampp\htdocs\JeremyCastillo\admin\view\template\catalog\showcase_form.tpl on line 63
2017-04-15 20:46:44 - PHP Notice:  Undefined index: reuslt in E:\dev\xampp\htdocs\JeremyCastillo\admin\view\template\catalog\showcase_form.tpl on line 64
2017-04-15 20:51:57 - PHP Notice:  Undefined index: title in E:\dev\xampp\htdocs\JeremyCastillo\admin\model\catalog\showcase.php on line 18
2017-04-15 20:51:57 - PHP Notice:  Undefined index: result in E:\dev\xampp\htdocs\JeremyCastillo\admin\model\catalog\showcase.php on line 24
2017-04-15 20:51:57 - PHP Notice:  Undefined index: is_edit in E:\dev\xampp\htdocs\JeremyCastillo\admin\model\catalog\showcase.php on line 24
2017-04-15 20:52:47 - PHP Notice:  Undefined index: title in E:\dev\xampp\htdocs\JeremyCastillo\admin\model\catalog\showcase.php on line 18
2017-04-15 20:52:47 - PHP Notice:  Undefined index: result in E:\dev\xampp\htdocs\JeremyCastillo\admin\model\catalog\showcase.php on line 24
2017-04-15 20:52:47 - PHP Notice:  Undefined index: is_edit in E:\dev\xampp\htdocs\JeremyCastillo\admin\model\catalog\showcase.php on line 24
2017-04-15 20:54:19 - PHP Notice:  Undefined index: sort_order in E:\dev\xampp\htdocs\JeremyCastillo\admin\model\catalog\showcase.php on line 18
2017-04-15 20:54:19 - PHP Notice:  Undefined index: result in E:\dev\xampp\htdocs\JeremyCastillo\admin\model\catalog\showcase.php on line 24
2017-04-15 20:54:19 - PHP Notice:  Undefined index: is_edit in E:\dev\xampp\htdocs\JeremyCastillo\admin\model\catalog\showcase.php on line 24
2017-04-15 20:56:36 - PHP Notice:  Undefined index: sort_order in E:\dev\xampp\htdocs\JeremyCastillo\admin\model\catalog\showcase.php on line 4
2017-04-15 22:44:43 - PHP Notice:  Undefined index: is_edit in E:\dev\xampp\htdocs\JeremyCastillo\admin\model\catalog\showcase.php on line 24
2017-04-15 22:46:59 - PHP Notice:  Undefined index: is_edit in E:\dev\xampp\htdocs\JeremyCastillo\admin\model\catalog\showcase.php on line 24
2017-04-15 22:52:36 - PHP Notice:  Undefined index: is_edit in E:\dev\xampp\htdocs\JeremyCastillo\admin\model\catalog\showcase.php on line 24
2017-04-15 22:52:36 - PHP Notice:  Undefined index: is_edit in E:\dev\xampp\htdocs\JeremyCastillo\admin\model\catalog\showcase.php on line 24
2017-04-15 22:52:36 - PHP Notice:  Undefined index: is_edit in E:\dev\xampp\htdocs\JeremyCastillo\admin\model\catalog\showcase.php on line 24
2017-04-15 22:52:36 - PHP Notice:  Undefined index: is_edit in E:\dev\xampp\htdocs\JeremyCastillo\admin\model\catalog\showcase.php on line 24
2017-04-18 5:43:21 - PHP Notice:  Undefined index: is_edit in E:\dev\xampp\htdocs\JeremyCastillo\admin\model\catalog\showcase.php on line 24
2017-04-18 5:43:21 - PHP Notice:  Undefined index: is_edit in E:\dev\xampp\htdocs\JeremyCastillo\admin\model\catalog\showcase.php on line 24
2017-04-18 5:43:21 - PHP Notice:  Undefined index: is_edit in E:\dev\xampp\htdocs\JeremyCastillo\admin\model\catalog\showcase.php on line 24
2017-04-18 6:04:43 - PHP Notice:  Undefined index: is_edit in E:\dev\xampp\htdocs\JeremyCastillo\admin\model\catalog\showcase.php on line 10
2017-04-18 6:04:43 - PHP Notice:  Undefined index: is_edit in E:\dev\xampp\htdocs\JeremyCastillo\admin\model\catalog\showcase.php on line 10
2017-04-18 6:04:43 - PHP Notice:  Undefined index: is_edit in E:\dev\xampp\htdocs\JeremyCastillo\admin\model\catalog\showcase.php on line 10
2017-04-18 6:04:43 - PHP Notice:  Undefined index: is_edit in E:\dev\xampp\htdocs\JeremyCastillo\admin\model\catalog\showcase.php on line 10
2017-04-19 5:14:20 - PHP Notice:  Undefined index: is_edit in E:\dev\xampp\htdocs\JeremyCastillo\admin\model\catalog\showcase.php on line 24
2017-04-19 5:14:20 - PHP Notice:  Undefined index: is_edit in E:\dev\xampp\htdocs\JeremyCastillo\admin\model\catalog\showcase.php on line 24
2017-04-19 5:14:20 - PHP Notice:  Undefined index: is_edit in E:\dev\xampp\htdocs\JeremyCastillo\admin\model\catalog\showcase.php on line 24
2017-04-28 4:18:27 - PHP Notice:  Undefined index: image in E:\dev\xampp\htdocs\JeremyCastillo\admin\controller\blog\post.php on line 584
2017-04-28 4:18:27 - PHP Notice:  Undefined index: image in E:\dev\xampp\htdocs\JeremyCastillo\admin\controller\blog\post.php on line 593
2017-04-28 4:18:49 - PHP Notice:  Undefined index: image in E:\dev\xampp\htdocs\JeremyCastillo\admin\controller\blog\post.php on line 584
2017-04-28 4:18:49 - PHP Notice:  Undefined index: image in E:\dev\xampp\htdocs\JeremyCastillo\admin\controller\blog\post.php on line 593
2017-04-28 4:19:16 - PHP Notice:  Undefined index: image in E:\dev\xampp\htdocs\JeremyCastillo\admin\controller\blog\post.php on line 584
2017-04-28 4:19:16 - PHP Notice:  Undefined index: image in E:\dev\xampp\htdocs\JeremyCastillo\admin\controller\blog\post.php on line 593
2017-04-28 4:20:56 - PHP Unknown:  Argument 2 passed to Event::trigger() must be of the type array, string given, called in E:\dev\xampp\htdocs\JeremyCastillo\admin\model\blog\post.php on line 86 and defined in E:\dev\xampp\htdocs\JeremyCastillo\system\engine\event.php on line 19
2017-04-28 4:21:17 - PHP Unknown:  Argument 2 passed to Event::trigger() must be of the type array, string given, called in E:\dev\xampp\htdocs\JeremyCastillo\admin\model\blog\post.php on line 86 and defined in E:\dev\xampp\htdocs\JeremyCastillo\system\engine\event.php on line 19
2017-04-28 4:21:29 - PHP Unknown:  Argument 2 passed to Event::trigger() must be of the type array, string given, called in E:\dev\xampp\htdocs\JeremyCastillo\admin\model\blog\post.php on line 86 and defined in E:\dev\xampp\htdocs\JeremyCastillo\system\engine\event.php on line 19
2017-04-28 4:21:38 - PHP Unknown:  Argument 2 passed to Event::trigger() must be of the type array, string given, called in E:\dev\xampp\htdocs\JeremyCastillo\admin\model\blog\post.php on line 86 and defined in E:\dev\xampp\htdocs\JeremyCastillo\system\engine\event.php on line 19
2017-04-28 4:21:47 - PHP Unknown:  Argument 2 passed to Event::trigger() must be of the type array, string given, called in E:\dev\xampp\htdocs\JeremyCastillo\admin\model\blog\post.php on line 86 and defined in E:\dev\xampp\htdocs\JeremyCastillo\system\engine\event.php on line 19
2017-06-06 2:18:04 - PHP Notice:  Undefined variable: username in /home/html/jeremycastillo/admin/view/template/common/column_left.tpl on line 5
2017-06-06 2:18:39 - PHP Notice:  Undefined variable: username in /home/html/jeremycastillo/admin/view/template/common/column_left.tpl on line 5
2017-06-06 3:13:10 - PHP Notice:  Undefined variable: username in /home/html/jeremycastillo/admin/view/template/common/column_left.tpl on line 5
2017-06-06 3:13:13 - PHP Notice:  Undefined variable: username in /home/html/jeremycastillo/admin/view/template/common/column_left.tpl on line 5
2017-06-06 3:13:19 - PHP Notice:  Undefined variable: username in /home/html/jeremycastillo/admin/view/template/common/column_left.tpl on line 5
2017-06-06 3:13:22 - PHP Notice:  Undefined variable: username in /home/html/jeremycastillo/admin/view/template/common/column_left.tpl on line 5
2017-06-06 3:13:31 - PHP Notice:  Undefined variable: username in /home/html/jeremycastillo/admin/view/template/common/column_left.tpl on line 5
2017-06-06 3:13:39 - PHP Notice:  Undefined variable: username in /home/html/jeremycastillo/admin/view/template/common/column_left.tpl on line 5
2017-06-06 3:13:46 - PHP Notice:  Undefined variable: username in /home/html/jeremycastillo/admin/view/template/common/column_left.tpl on line 5
2017-06-06 3:13:53 - PHP Notice:  Undefined variable: username in /home/html/jeremycastillo/admin/view/template/common/column_left.tpl on line 5
2017-06-06 3:13:54 - PHP Notice:  Undefined variable: username in /home/html/jeremycastillo/admin/view/template/common/column_left.tpl on line 5
2017-06-06 3:14:27 - PHP Notice:  Undefined variable: username in /home/html/jeremycastillo/admin/view/template/common/column_left.tpl on line 5
2017-06-06 3:14:29 - PHP Notice:  Undefined variable: username in /home/html/jeremycastillo/admin/view/template/common/column_left.tpl on line 5
2017-06-06 3:14:31 - PHP Notice:  Undefined variable: username in /home/html/jeremycastillo/admin/view/template/common/column_left.tpl on line 5
2017-06-06 3:14:31 - PHP Notice:  Undefined variable: username in /home/html/jeremycastillo/admin/view/template/common/column_left.tpl on line 5
2017-06-06 3:14:34 - PHP Notice:  Undefined variable: username in /home/html/jeremycastillo/admin/view/template/common/column_left.tpl on line 5
2017-06-06 3:14:43 - PHP Notice:  Undefined variable: username in /home/html/jeremycastillo/admin/view/template/common/column_left.tpl on line 5
2017-06-06 3:14:50 - PHP Notice:  Undefined variable: username in /home/html/jeremycastillo/admin/view/template/common/column_left.tpl on line 5
2017-06-06 3:14:52 - PHP Notice:  Undefined variable: username in /home/html/jeremycastillo/admin/view/template/common/column_left.tpl on line 5
2017-06-06 3:15:03 - PHP Notice:  Undefined variable: username in /home/html/jeremycastillo/admin/view/template/common/column_left.tpl on line 5
2017-06-06 3:23:31 - PHP Notice:  Undefined variable: username in /home/html/jeremycastillo/admin/view/template/common/column_left.tpl on line 5
2017-06-06 3:23:32 - PHP Notice:  Undefined variable: username in /home/html/jeremycastillo/admin/view/template/common/column_left.tpl on line 5
2017-06-06 3:24:25 - PHP Notice:  Undefined variable: username in /home/html/jeremycastillo/admin/view/template/common/column_left.tpl on line 5
2017-06-06 3:24:33 - PHP Notice:  Undefined variable: username in /home/html/jeremycastillo/admin/view/template/common/column_left.tpl on line 5
2017-06-07 3:02:20 - PHP Notice:  Undefined variable: username in /home/html/jeremycastillo/admin/view/template/common/column_left.tpl on line 5
2017-06-07 3:02:22 - PHP Notice:  Undefined variable: username in /home/html/jeremycastillo/admin/view/template/common/column_left.tpl on line 5
2017-06-07 3:02:23 - PHP Notice:  Undefined variable: username in /home/html/jeremycastillo/admin/view/template/common/column_left.tpl on line 5
2017-06-07 3:02:27 - PHP Notice:  Undefined variable: username in /home/html/jeremycastillo/admin/view/template/common/column_left.tpl on line 5
2017-06-07 3:05:47 - PHP Notice:  Undefined variable: username in /home/html/jeremycastillo/admin/view/template/common/column_left.tpl on line 5
2017-06-07 3:06:03 - PHP Notice:  Undefined variable: username in /home/html/jeremycastillo/admin/view/template/common/column_left.tpl on line 5
2017-06-07 3:06:09 - PHP Notice:  Undefined variable: username in /home/html/jeremycastillo/admin/view/template/common/column_left.tpl on line 5
2017-06-07 3:07:15 - PHP Notice:  Undefined variable: username in /home/html/jeremycastillo/admin/view/template/common/column_left.tpl on line 5
2017-06-07 3:07:28 - PHP Notice:  Undefined variable: username in /home/html/jeremycastillo/admin/view/template/common/column_left.tpl on line 5
2017-06-07 3:07:32 - PHP Notice:  Undefined variable: username in /home/html/jeremycastillo/admin/view/template/common/column_left.tpl on line 5
2017-06-07 3:07:37 - PHP Notice:  Undefined variable: username in /home/html/jeremycastillo/admin/view/template/common/column_left.tpl on line 5
2017-06-07 3:07:38 - PHP Notice:  Undefined variable: username in /home/html/jeremycastillo/admin/view/template/common/column_left.tpl on line 5
2017-06-07 3:08:10 - PHP Notice:  Undefined variable: username in /home/html/jeremycastillo/admin/view/template/common/column_left.tpl on line 5
2017-06-07 3:08:14 - PHP Notice:  Undefined variable: username in /home/html/jeremycastillo/admin/view/template/common/column_left.tpl on line 5
2017-06-07 3:08:18 - PHP Notice:  Undefined variable: username in /home/html/jeremycastillo/admin/view/template/common/column_left.tpl on line 5
2017-06-07 3:15:07 - PHP Notice:  Undefined variable: username in /home/html/jeremycastillo/admin/view/template/common/column_left.tpl on line 5
2017-06-07 3:15:10 - PHP Notice:  Undefined variable: username in /home/html/jeremycastillo/admin/view/template/common/column_left.tpl on line 5
2017-06-07 3:15:50 - PHP Notice:  Undefined variable: username in /home/html/jeremycastillo/admin/view/template/common/column_left.tpl on line 5
2017-06-07 3:24:37 - PHP Notice:  Undefined variable: username in /home/html/jeremycastillo/admin/view/template/common/column_left.tpl on line 5
2017-06-13 2:14:38 - PHP Notice:  Undefined variable: username in /home/html/jeremycastillo/admin/view/template/common/column_left.tpl on line 5
2017-06-13 2:14:42 - PHP Notice:  Undefined variable: username in /home/html/jeremycastillo/admin/view/template/common/column_left.tpl on line 5
2017-06-13 2:14:44 - PHP Notice:  Undefined variable: username in /home/html/jeremycastillo/admin/view/template/common/column_left.tpl on line 5
2017-06-13 2:15:08 - PHP Notice:  Undefined variable: username in /home/html/jeremycastillo/admin/view/template/common/column_left.tpl on line 5
2017-06-13 2:15:10 - PHP Notice:  Undefined variable: username in /home/html/jeremycastillo/admin/view/template/common/column_left.tpl on line 5
2017-06-15 5:29:23 - PHP Notice:  Undefined variable: username in /home/html/jeremycastillo/admin/view/template/common/column_left.tpl on line 5
2017-06-15 5:29:25 - PHP Notice:  Undefined variable: username in /home/html/jeremycastillo/admin/view/template/common/column_left.tpl on line 5
2017-06-15 5:29:29 - PHP Notice:  Undefined variable: username in /home/html/jeremycastillo/admin/view/template/common/column_left.tpl on line 5
2017-06-15 5:29:31 - PHP Notice:  Undefined variable: username in /home/html/jeremycastillo/admin/view/template/common/column_left.tpl on line 5
2017-06-15 5:36:07 - PHP Notice:  Undefined variable: username in /home/html/jeremycastillo/admin/view/template/common/column_left.tpl on line 5
2017-06-15 5:36:10 - PHP Notice:  Undefined variable: username in /home/html/jeremycastillo/admin/view/template/common/column_left.tpl on line 5
2017-06-15 5:48:36 - PHP Notice:  Undefined index: category_id in /home/html/jeremycastillo/admin/controller/catalog/showcase.php on line 350
2017-06-15 5:48:36 - PHP Notice:  Undefined variable: username in /home/html/jeremycastillo/admin/view/template/common/column_left.tpl on line 5
2017-06-15 5:48:36 - PHP Notice:  Undefined variable: category_id in /home/html/jeremycastillo/admin/view/template/catalog/showcase_form.tpl on line 42
2017-06-15 5:49:14 - PHP Notice:  Undefined index: category_id in /home/html/jeremycastillo/admin/controller/catalog/showcase.php on line 350
2017-06-15 5:49:14 - PHP Notice:  Undefined variable: username in /home/html/jeremycastillo/admin/view/template/common/column_left.tpl on line 5
2017-06-15 5:49:14 - PHP Notice:  Undefined variable: category_id in /home/html/jeremycastillo/admin/view/template/catalog/showcase_form.tpl on line 43
2017-06-15 5:49:31 - PHP Notice:  Undefined index: category_id in /home/html/jeremycastillo/admin/controller/catalog/showcase.php on line 350
2017-06-15 5:49:31 - PHP Notice:  Undefined variable: username in /home/html/jeremycastillo/admin/view/template/common/column_left.tpl on line 5
2017-06-15 5:49:31 - PHP Notice:  Undefined variable: category_id in /home/html/jeremycastillo/admin/view/template/catalog/showcase_form.tpl on line 43
2017-06-15 5:49:47 - PHP Notice:  Undefined index: category_id in /home/html/jeremycastillo/admin/controller/catalog/showcase.php on line 350
2017-06-15 5:49:47 - PHP Notice:  Undefined variable: username in /home/html/jeremycastillo/admin/view/template/common/column_left.tpl on line 5
2017-06-15 5:50:18 - PHP Notice:  Undefined index: category_id in /home/html/jeremycastillo/admin/controller/catalog/showcase.php on line 350
2017-06-15 5:50:18 - PHP Notice:  Undefined variable: username in /home/html/jeremycastillo/admin/view/template/common/column_left.tpl on line 5
2017-06-15 5:51:21 - PHP Notice:  Undefined variable: username in /home/html/jeremycastillo/admin/view/template/common/column_left.tpl on line 5
2017-06-15 5:51:31 - PHP Notice:  Undefined variable: username in /home/html/jeremycastillo/admin/view/template/common/column_left.tpl on line 5
2017-06-15 5:51:41 - PHP Notice:  Undefined index: is_edit in /home/html/jeremycastillo/admin/model/catalog/showcase.php on line 24
2017-06-15 5:51:41 - PHP Notice:  Undefined index: is_edit in /home/html/jeremycastillo/admin/model/catalog/showcase.php on line 24
2017-06-15 5:51:41 - PHP Notice:  Undefined index: is_edit in /home/html/jeremycastillo/admin/model/catalog/showcase.php on line 24
2017-06-15 5:51:41 - PHP Notice:  Undefined variable: username in /home/html/jeremycastillo/admin/view/template/common/column_left.tpl on line 5
2017-06-15 5:51:43 - PHP Notice:  Undefined variable: username in /home/html/jeremycastillo/admin/view/template/common/column_left.tpl on line 5
2017-06-15 5:51:44 - PHP Notice:  Undefined variable: username in /home/html/jeremycastillo/admin/view/template/common/column_left.tpl on line 5
2017-06-15 5:51:46 - PHP Notice:  Undefined variable: username in /home/html/jeremycastillo/admin/view/template/common/column_left.tpl on line 5
2017-06-15 5:51:58 - PHP Notice:  Undefined variable: username in /home/html/jeremycastillo/admin/view/template/common/column_left.tpl on line 5
2017-06-15 5:52:00 - PHP Notice:  Undefined variable: username in /home/html/jeremycastillo/admin/view/template/common/column_left.tpl on line 5
2017-06-15 5:52:02 - PHP Notice:  Undefined variable: username in /home/html/jeremycastillo/admin/view/template/common/column_left.tpl on line 5
2017-06-15 5:52:05 - PHP Notice:  Undefined index: is_edit in /home/html/jeremycastillo/admin/model/catalog/showcase.php on line 24
2017-06-15 5:52:05 - PHP Notice:  Undefined index: is_edit in /home/html/jeremycastillo/admin/model/catalog/showcase.php on line 24
2017-06-15 5:52:05 - PHP Notice:  Undefined index: is_edit in /home/html/jeremycastillo/admin/model/catalog/showcase.php on line 24
2017-06-15 5:52:05 - PHP Notice:  Undefined variable: username in /home/html/jeremycastillo/admin/view/template/common/column_left.tpl on line 5
2017-06-15 5:52:07 - PHP Notice:  Undefined variable: username in /home/html/jeremycastillo/admin/view/template/common/column_left.tpl on line 5
2017-06-15 5:52:09 - PHP Notice:  Undefined index: is_edit in /home/html/jeremycastillo/admin/model/catalog/showcase.php on line 24
2017-06-15 5:52:09 - PHP Notice:  Undefined index: is_edit in /home/html/jeremycastillo/admin/model/catalog/showcase.php on line 24
2017-06-15 5:52:09 - PHP Notice:  Undefined index: is_edit in /home/html/jeremycastillo/admin/model/catalog/showcase.php on line 24
2017-06-15 5:52:09 - PHP Notice:  Undefined variable: username in /home/html/jeremycastillo/admin/view/template/common/column_left.tpl on line 5
2017-06-15 5:52:11 - PHP Notice:  Undefined variable: username in /home/html/jeremycastillo/admin/view/template/common/column_left.tpl on line 5
2017-06-15 5:52:15 - PHP Notice:  Undefined variable: username in /home/html/jeremycastillo/admin/view/template/common/column_left.tpl on line 5
2017-06-15 5:52:16 - PHP Notice:  Undefined variable: username in /home/html/jeremycastillo/admin/view/template/common/column_left.tpl on line 5
2017-06-16 3:04:47 - PHP Notice:  Undefined variable: username in /home/html/jeremycastillo/admin/view/template/common/column_left.tpl on line 5
2017-06-16 3:04:51 - PHP Notice:  Undefined variable: username in /home/html/jeremycastillo/admin/view/template/common/column_left.tpl on line 5
2017-06-16 3:05:01 - PHP Notice:  Undefined variable: username in /home/html/jeremycastillo/admin/view/template/common/column_left.tpl on line 5
2017-06-16 3:06:26 - PHP Notice:  Undefined variable: username in /home/html/jeremycastillo/admin/view/template/common/column_left.tpl on line 5
2017-06-17 21:38:55 - PHP Notice:  Undefined variable: username in /home/html/jeremycastillo/admin/view/template/common/column_left.tpl on line 5
2017-06-17 21:38:57 - PHP Notice:  Undefined variable: username in /home/html/jeremycastillo/admin/view/template/common/column_left.tpl on line 5
2017-06-17 21:38:59 - PHP Notice:  Undefined variable: username in /home/html/jeremycastillo/admin/view/template/common/column_left.tpl on line 5
2017-06-17 21:39:54 - PHP Notice:  Undefined index: is_edit in /home/html/jeremycastillo/admin/model/catalog/showcase.php on line 24
2017-06-17 21:39:54 - PHP Notice:  Undefined index: is_edit in /home/html/jeremycastillo/admin/model/catalog/showcase.php on line 24
2017-06-17 21:39:54 - PHP Notice:  Undefined index: is_edit in /home/html/jeremycastillo/admin/model/catalog/showcase.php on line 24
2017-06-17 21:39:54 - PHP Notice:  Undefined variable: username in /home/html/jeremycastillo/admin/view/template/common/column_left.tpl on line 5
2017-06-17 21:40:44 - PHP Notice:  Undefined variable: username in /home/html/jeremycastillo/admin/view/template/common/column_left.tpl on line 5
2017-06-17 21:42:21 - PHP Notice:  Undefined variable: username in /home/html/jeremycastillo/admin/view/template/common/column_left.tpl on line 5
2017-06-17 21:42:23 - PHP Notice:  Undefined variable: username in /home/html/jeremycastillo/admin/view/template/common/column_left.tpl on line 5
2017-06-17 21:42:41 - PHP Notice:  Undefined variable: username in /home/html/jeremycastillo/admin/view/template/common/column_left.tpl on line 5
2017-06-17 21:42:43 - PHP Notice:  Undefined variable: username in /home/html/jeremycastillo/admin/view/template/common/column_left.tpl on line 5
2017-06-17 21:42:51 - PHP Notice:  Undefined variable: username in /home/html/jeremycastillo/admin/view/template/common/column_left.tpl on line 5
2017-06-17 21:42:58 - PHP Notice:  Undefined variable: username in /home/html/jeremycastillo/admin/view/template/common/column_left.tpl on line 5
2017-06-17 21:43:01 - PHP Notice:  Undefined variable: username in /home/html/jeremycastillo/admin/view/template/common/column_left.tpl on line 5
2017-06-17 21:43:10 - PHP Notice:  Undefined variable: username in /home/html/jeremycastillo/admin/view/template/common/column_left.tpl on line 5
2017-06-25 1:27:09 - PHP Notice:  Undefined variable: username in /home/html/jeremycastillo/admin/view/template/common/column_left.tpl on line 5
2017-06-25 1:27:11 - PHP Notice:  Undefined variable: username in /home/html/jeremycastillo/admin/view/template/common/column_left.tpl on line 5
2017-06-25 1:27:13 - PHP Notice:  Undefined variable: username in /home/html/jeremycastillo/admin/view/template/common/column_left.tpl on line 5
2017-06-25 3:12:23 - PHP Notice:  Undefined variable: username in /home/html/jeremycastillo/admin/view/template/common/column_left.tpl on line 5
2017-06-25 3:15:05 - PHP Notice:  Undefined variable: username in /home/html/jeremycastillo/admin/view/template/common/column_left.tpl on line 5
2017-06-25 3:15:07 - PHP Notice:  Undefined variable: username in /home/html/jeremycastillo/admin/view/template/common/column_left.tpl on line 5
2017-06-25 3:15:11 - PHP Notice:  Undefined variable: username in /home/html/jeremycastillo/admin/view/template/common/column_left.tpl on line 5
2017-06-25 3:15:13 - PHP Notice:  Undefined variable: username in /home/html/jeremycastillo/admin/view/template/common/column_left.tpl on line 5
2017-06-25 3:15:17 - PHP Notice:  Undefined variable: username in /home/html/jeremycastillo/admin/view/template/common/column_left.tpl on line 5
2017-06-25 3:15:19 - PHP Notice:  Undefined variable: username in /home/html/jeremycastillo/admin/view/template/common/column_left.tpl on line 5
2017-06-25 3:15:21 - PHP Notice:  Undefined variable: username in /home/html/jeremycastillo/admin/view/template/common/column_left.tpl on line 5
2017-06-25 3:24:53 - PHP Notice:  Undefined variable: username in /home/html/jeremycastillo/admin/view/template/common/column_left.tpl on line 5
2017-06-25 3:24:55 - PHP Notice:  Undefined variable: username in /home/html/jeremycastillo/admin/view/template/common/column_left.tpl on line 5
2017-06-27 3:42:06 - PHP Notice:  Undefined variable: username in /home/html/jeremycastillo/admin/view/template/common/column_left.tpl on line 5
2017-06-27 3:42:08 - PHP Notice:  Undefined variable: username in /home/html/jeremycastillo/admin/view/template/common/column_left.tpl on line 5
2017-06-27 3:42:10 - PHP Notice:  Undefined variable: username in /home/html/jeremycastillo/admin/view/template/common/column_left.tpl on line 5
2017-06-27 3:42:31 - PHP Notice:  Undefined variable: username in /home/html/jeremycastillo/admin/view/template/common/column_left.tpl on line 5
2017-06-27 3:45:51 - PHP Notice:  Undefined variable: username in /home/html/jeremycastillo/admin/view/template/common/column_left.tpl on line 5
2017-06-27 3:46:02 - PHP Notice:  Undefined variable: username in /home/html/jeremycastillo/admin/view/template/common/column_left.tpl on line 5
2017-07-02 0:19:32 - PHP Notice:  Undefined variable: username in /home/html/jeremycastillo/admin/view/template/common/column_left.tpl on line 5
2017-07-02 0:19:35 - PHP Notice:  Undefined variable: username in /home/html/jeremycastillo/admin/view/template/common/column_left.tpl on line 5
2017-07-02 0:19:37 - PHP Notice:  Undefined variable: username in /home/html/jeremycastillo/admin/view/template/common/column_left.tpl on line 5
2017-07-02 0:24:16 - PHP Notice:  Undefined variable: username in /home/html/jeremycastillo/admin/view/template/common/column_left.tpl on line 5
2017-07-02 1:37:13 - PHP Notice:  Undefined variable: username in /home/html/jeremycastillo/admin/view/template/common/column_left.tpl on line 5
2017-07-02 1:37:32 - PHP Notice:  Undefined variable: username in /home/html/jeremycastillo/admin/view/template/common/column_left.tpl on line 5
2017-07-02 1:37:55 - PHP Notice:  Undefined variable: username in /home/html/jeremycastillo/admin/view/template/common/column_left.tpl on line 5
2017-07-02 1:37:57 - PHP Notice:  Undefined variable: username in /home/html/jeremycastillo/admin/view/template/common/column_left.tpl on line 5
2017-07-02 1:38:03 - PHP Notice:  Undefined variable: username in /home/html/jeremycastillo/admin/view/template/common/column_left.tpl on line 5
2017-07-02 1:38:05 - PHP Notice:  Undefined variable: username in /home/html/jeremycastillo/admin/view/template/common/column_left.tpl on line 5
2017-07-02 1:38:10 - PHP Notice:  Undefined variable: username in /home/html/jeremycastillo/admin/view/template/common/column_left.tpl on line 5
2017-07-02 1:38:12 - PHP Notice:  Undefined variable: username in /home/html/jeremycastillo/admin/view/template/common/column_left.tpl on line 5
2017-07-02 1:38:17 - PHP Notice:  Undefined variable: username in /home/html/jeremycastillo/admin/view/template/common/column_left.tpl on line 5
2017-07-02 1:38:18 - PHP Notice:  Undefined variable: username in /home/html/jeremycastillo/admin/view/template/common/column_left.tpl on line 5
2017-07-02 1:38:23 - PHP Notice:  Undefined variable: username in /home/html/jeremycastillo/admin/view/template/common/column_left.tpl on line 5
2017-07-03 17:32:22 - PHP Notice:  Undefined variable: username in /home/html/jeremycastillo/admin/view/template/common/column_left.tpl on line 5
2017-07-03 17:32:25 - PHP Notice:  Undefined variable: username in /home/html/jeremycastillo/admin/view/template/common/column_left.tpl on line 5
2017-07-03 17:32:27 - PHP Notice:  Undefined variable: username in /home/html/jeremycastillo/admin/view/template/common/column_left.tpl on line 5
2017-07-03 17:33:53 - PHP Notice:  Undefined variable: username in /home/html/jeremycastillo/admin/view/template/common/column_left.tpl on line 5
2017-07-03 17:33:55 - PHP Notice:  Undefined variable: username in /home/html/jeremycastillo/admin/view/template/common/column_left.tpl on line 5
2017-07-03 17:33:58 - PHP Notice:  Undefined variable: username in /home/html/jeremycastillo/admin/view/template/common/column_left.tpl on line 5
2017-07-03 17:34:15 - PHP Notice:  Undefined variable: username in /home/html/jeremycastillo/admin/view/template/common/column_left.tpl on line 5
2017-07-03 17:34:19 - PHP Notice:  Undefined variable: username in /home/html/jeremycastillo/admin/view/template/common/column_left.tpl on line 5
2017-07-03 17:34:24 - PHP Notice:  Undefined variable: username in /home/html/jeremycastillo/admin/view/template/common/column_left.tpl on line 5
2017-07-03 17:34:36 - PHP Notice:  Undefined variable: username in /home/html/jeremycastillo/admin/view/template/common/column_left.tpl on line 5
2017-07-03 17:39:58 - PHP Notice:  Undefined variable: username in /home/html/jeremycastillo/admin/view/template/common/column_left.tpl on line 5
2017-07-03 17:40:06 - PHP Notice:  Undefined variable: username in /home/html/jeremycastillo/admin/view/template/common/column_left.tpl on line 5
2017-07-03 17:40:08 - PHP Notice:  Undefined variable: username in /home/html/jeremycastillo/admin/view/template/common/column_left.tpl on line 5
2017-07-03 17:40:10 - PHP Notice:  Undefined variable: username in /home/html/jeremycastillo/admin/view/template/common/column_left.tpl on line 5
2017-07-03 17:40:19 - PHP Notice:  Undefined variable: username in /home/html/jeremycastillo/admin/view/template/common/column_left.tpl on line 5
2017-07-03 17:40:21 - PHP Notice:  Undefined variable: username in /home/html/jeremycastillo/admin/view/template/common/column_left.tpl on line 5
2017-07-03 17:40:23 - PHP Notice:  Undefined variable: username in /home/html/jeremycastillo/admin/view/template/common/column_left.tpl on line 5
2017-07-03 17:40:28 - PHP Notice:  Undefined variable: username in /home/html/jeremycastillo/admin/view/template/common/column_left.tpl on line 5
2017-07-03 17:40:29 - PHP Notice:  Undefined variable: username in /home/html/jeremycastillo/admin/view/template/common/column_left.tpl on line 5
2017-07-03 17:42:09 - PHP Notice:  Undefined variable: username in /home/html/jeremycastillo/admin/view/template/common/column_left.tpl on line 5
2017-07-03 17:44:10 - PHP Notice:  Undefined variable: username in /home/html/jeremycastillo/admin/view/template/common/column_left.tpl on line 5
2017-07-03 17:45:27 - PHP Notice:  Undefined variable: username in /home/html/jeremycastillo/admin/view/template/common/column_left.tpl on line 5
2017-07-03 17:45:30 - PHP Notice:  Undefined variable: username in /home/html/jeremycastillo/admin/view/template/common/column_left.tpl on line 5
2017-07-03 17:48:37 - PHP Notice:  Undefined variable: username in /home/html/jeremycastillo/admin/view/template/common/column_left.tpl on line 5
2017-07-03 17:48:40 - PHP Notice:  Undefined variable: username in /home/html/jeremycastillo/admin/view/template/common/column_left.tpl on line 5
2017-07-03 17:49:33 - PHP Notice:  Undefined variable: username in /home/html/jeremycastillo/admin/view/template/common/column_left.tpl on line 5
2017-07-03 17:49:36 - PHP Notice:  Undefined variable: username in /home/html/jeremycastillo/admin/view/template/common/column_left.tpl on line 5
2017-07-03 17:49:37 - PHP Notice:  Undefined variable: username in /home/html/jeremycastillo/admin/view/template/common/column_left.tpl on line 5
2017-07-03 17:49:44 - PHP Notice:  Undefined variable: username in /home/html/jeremycastillo/admin/view/template/common/column_left.tpl on line 5
2017-07-03 17:50:30 - PHP Notice:  Undefined variable: username in /home/html/jeremycastillo/admin/view/template/common/column_left.tpl on line 5
2017-07-03 17:54:01 - PHP Notice:  Undefined variable: username in /home/html/jeremycastillo/admin/view/template/common/column_left.tpl on line 5
2017-07-03 17:54:04 - PHP Notice:  Undefined variable: username in /home/html/jeremycastillo/admin/view/template/common/column_left.tpl on line 5
2017-07-06 2:51:19 - PHP Notice:  Undefined variable: username in /home/html/jeremycastillo/admin/view/template/common/column_left.tpl on line 5
2017-07-06 2:51:52 - PHP Notice:  Undefined variable: username in /home/html/jeremycastillo/admin/view/template/common/column_left.tpl on line 5
2017-07-06 2:52:14 - PHP Notice:  Undefined variable: username in /home/html/jeremycastillo/admin/view/template/common/column_left.tpl on line 5
2017-07-06 2:53:28 - PHP Notice:  Undefined variable: username in /home/html/jeremycastillo/admin/view/template/common/column_left.tpl on line 5
2017-07-06 2:53:41 - PHP Notice:  Undefined variable: username in /home/html/jeremycastillo/admin/view/template/common/column_left.tpl on line 5
2017-07-06 2:54:00 - PHP Notice:  Undefined variable: username in /home/html/jeremycastillo/admin/view/template/common/column_left.tpl on line 5
2017-07-06 2:54:02 - PHP Notice:  Undefined variable: username in /home/html/jeremycastillo/admin/view/template/common/column_left.tpl on line 5
2017-07-06 2:54:21 - PHP Notice:  Undefined variable: username in /home/html/jeremycastillo/admin/view/template/common/column_left.tpl on line 5
2017-07-06 2:54:23 - PHP Notice:  Undefined variable: username in /home/html/jeremycastillo/admin/view/template/common/column_left.tpl on line 5
2017-07-06 2:54:35 - PHP Notice:  Undefined variable: username in /home/html/jeremycastillo/admin/view/template/common/column_left.tpl on line 5
2017-07-06 2:54:37 - PHP Notice:  Undefined variable: username in /home/html/jeremycastillo/admin/view/template/common/column_left.tpl on line 5
2017-07-06 2:55:17 - PHP Notice:  Undefined variable: username in /home/html/jeremycastillo/admin/view/template/common/column_left.tpl on line 5
2017-07-06 2:55:19 - PHP Notice:  Undefined variable: username in /home/html/jeremycastillo/admin/view/template/common/column_left.tpl on line 5
2017-07-06 2:55:57 - PHP Notice:  Undefined variable: username in /home/html/jeremycastillo/admin/view/template/common/column_left.tpl on line 5
2017-07-06 2:55:58 - PHP Notice:  Undefined variable: username in /home/html/jeremycastillo/admin/view/template/common/column_left.tpl on line 5
2017-07-06 3:02:36 - PHP Notice:  Undefined variable: username in /home/html/jeremycastillo/admin/view/template/common/column_left.tpl on line 5
2017-07-06 3:30:43 - PHP Notice:  Undefined variable: username in /home/html/jeremycastillo/admin/view/template/common/column_left.tpl on line 5
2017-07-06 3:30:52 - PHP Notice:  Undefined variable: username in /home/html/jeremycastillo/admin/view/template/common/column_left.tpl on line 5
2017-07-06 3:30:57 - PHP Notice:  Undefined variable: username in /home/html/jeremycastillo/admin/view/template/common/column_left.tpl on line 5
