2016-08-28 3:36:00 - PHP Warning:  fopen(E:/dev/xampp/htdocs/JeremyCastillo/system/cache/cache.language.1472351760): failed to open stream: No such file or directory in E:\dev\xampp\htdocs\JeremyCastillo\system\library\cache\file.php on line 49
2016-08-28 3:36:00 - PHP Warning:  flock() expects parameter 1 to be resource, boolean given in E:\dev\xampp\htdocs\JeremyCastillo\system\library\cache\file.php on line 51
2016-08-28 3:36:00 - PHP Warning:  fwrite() expects parameter 1 to be resource, boolean given in E:\dev\xampp\htdocs\JeremyCastillo\system\library\cache\file.php on line 53
2016-08-28 3:36:00 - PHP Warning:  fflush() expects parameter 1 to be resource, boolean given in E:\dev\xampp\htdocs\JeremyCastillo\system\library\cache\file.php on line 55
2016-08-28 3:36:00 - PHP Warning:  flock() expects parameter 1 to be resource, boolean given in E:\dev\xampp\htdocs\JeremyCastillo\system\library\cache\file.php on line 57
2016-08-28 3:36:00 - PHP Warning:  fclose() expects parameter 1 to be resource, boolean given in E:\dev\xampp\htdocs\JeremyCastillo\system\library\cache\file.php on line 59
2016-08-28 3:36:00 - PHP Warning:  fopen(E:/dev/xampp/htdocs/JeremyCastillo/system/cache/cache.currency.1472351760): failed to open stream: No such file or directory in E:\dev\xampp\htdocs\JeremyCastillo\system\library\cache\file.php on line 49
2016-08-28 3:36:00 - PHP Warning:  flock() expects parameter 1 to be resource, boolean given in E:\dev\xampp\htdocs\JeremyCastillo\system\library\cache\file.php on line 51
2016-08-28 3:36:00 - PHP Warning:  fwrite() expects parameter 1 to be resource, boolean given in E:\dev\xampp\htdocs\JeremyCastillo\system\library\cache\file.php on line 53
2016-08-28 3:36:00 - PHP Warning:  fflush() expects parameter 1 to be resource, boolean given in E:\dev\xampp\htdocs\JeremyCastillo\system\library\cache\file.php on line 55
2016-08-28 3:36:00 - PHP Warning:  flock() expects parameter 1 to be resource, boolean given in E:\dev\xampp\htdocs\JeremyCastillo\system\library\cache\file.php on line 57
2016-08-28 3:36:00 - PHP Warning:  fclose() expects parameter 1 to be resource, boolean given in E:\dev\xampp\htdocs\JeremyCastillo\system\library\cache\file.php on line 59
2016-08-29 1:53:36 - PHP Warning:  fopen(E:/dev/xampp/htdocs/JeremyCastillo/system/cache/cache.language.1472432016): failed to open stream: No such file or directory in E:\dev\xampp\htdocs\JeremyCastillo\system\library\cache\file.php on line 49
2016-08-29 1:53:36 - PHP Warning:  flock() expects parameter 1 to be resource, boolean given in E:\dev\xampp\htdocs\JeremyCastillo\system\library\cache\file.php on line 51
2016-08-29 1:53:36 - PHP Warning:  fwrite() expects parameter 1 to be resource, boolean given in E:\dev\xampp\htdocs\JeremyCastillo\system\library\cache\file.php on line 53
2016-08-29 1:53:36 - PHP Warning:  fflush() expects parameter 1 to be resource, boolean given in E:\dev\xampp\htdocs\JeremyCastillo\system\library\cache\file.php on line 55
2016-08-29 1:53:36 - PHP Warning:  flock() expects parameter 1 to be resource, boolean given in E:\dev\xampp\htdocs\JeremyCastillo\system\library\cache\file.php on line 57
2016-08-29 1:53:36 - PHP Warning:  fclose() expects parameter 1 to be resource, boolean given in E:\dev\xampp\htdocs\JeremyCastillo\system\library\cache\file.php on line 59
2016-08-29 1:53:36 - PHP Warning:  fopen(E:/dev/xampp/htdocs/JeremyCastillo/system/cache/cache.currency.1472432016): failed to open stream: No such file or directory in E:\dev\xampp\htdocs\JeremyCastillo\system\library\cache\file.php on line 49
2016-08-29 1:53:36 - PHP Warning:  flock() expects parameter 1 to be resource, boolean given in E:\dev\xampp\htdocs\JeremyCastillo\system\library\cache\file.php on line 51
2016-08-29 1:53:36 - PHP Warning:  fwrite() expects parameter 1 to be resource, boolean given in E:\dev\xampp\htdocs\JeremyCastillo\system\library\cache\file.php on line 53
2016-08-29 1:53:36 - PHP Warning:  fflush() expects parameter 1 to be resource, boolean given in E:\dev\xampp\htdocs\JeremyCastillo\system\library\cache\file.php on line 55
2016-08-29 1:53:36 - PHP Warning:  flock() expects parameter 1 to be resource, boolean given in E:\dev\xampp\htdocs\JeremyCastillo\system\library\cache\file.php on line 57
2016-08-29 1:53:36 - PHP Warning:  fclose() expects parameter 1 to be resource, boolean given in E:\dev\xampp\htdocs\JeremyCastillo\system\library\cache\file.php on line 59
2016-08-29 4:03:01 - PHP Warning:  fopen(E:/dev/xampp/htdocs/JeremyCastillo/system/cache/cache.language.1472439781): failed to open stream: No such file or directory in E:\dev\xampp\htdocs\JeremyCastillo\system\library\cache\file.php on line 49
2016-08-29 4:03:01 - PHP Warning:  flock() expects parameter 1 to be resource, boolean given in E:\dev\xampp\htdocs\JeremyCastillo\system\library\cache\file.php on line 51
2016-08-29 4:03:01 - PHP Warning:  fwrite() expects parameter 1 to be resource, boolean given in E:\dev\xampp\htdocs\JeremyCastillo\system\library\cache\file.php on line 53
2016-08-29 4:03:01 - PHP Warning:  fflush() expects parameter 1 to be resource, boolean given in E:\dev\xampp\htdocs\JeremyCastillo\system\library\cache\file.php on line 55
2016-08-29 4:03:01 - PHP Warning:  flock() expects parameter 1 to be resource, boolean given in E:\dev\xampp\htdocs\JeremyCastillo\system\library\cache\file.php on line 57
2016-08-29 4:03:01 - PHP Warning:  fclose() expects parameter 1 to be resource, boolean given in E:\dev\xampp\htdocs\JeremyCastillo\system\library\cache\file.php on line 59
2016-08-29 4:03:01 - PHP Warning:  fopen(E:/dev/xampp/htdocs/JeremyCastillo/system/cache/cache.currency.1472439781): failed to open stream: No such file or directory in E:\dev\xampp\htdocs\JeremyCastillo\system\library\cache\file.php on line 49
2016-08-29 4:03:01 - PHP Warning:  flock() expects parameter 1 to be resource, boolean given in E:\dev\xampp\htdocs\JeremyCastillo\system\library\cache\file.php on line 51
2016-08-29 4:03:01 - PHP Warning:  fwrite() expects parameter 1 to be resource, boolean given in E:\dev\xampp\htdocs\JeremyCastillo\system\library\cache\file.php on line 53
2016-08-29 4:03:01 - PHP Warning:  fflush() expects parameter 1 to be resource, boolean given in E:\dev\xampp\htdocs\JeremyCastillo\system\library\cache\file.php on line 55
2016-08-29 4:03:01 - PHP Warning:  flock() expects parameter 1 to be resource, boolean given in E:\dev\xampp\htdocs\JeremyCastillo\system\library\cache\file.php on line 57
2016-08-29 4:03:01 - PHP Warning:  fclose() expects parameter 1 to be resource, boolean given in E:\dev\xampp\htdocs\JeremyCastillo\system\library\cache\file.php on line 59
2017-03-30 4:10:03 - PHP Notice:  Undefined variable: store_image in E:\dev\xampp\htdocs\JeremyCastillo\catalog\view\theme\default\template\common\header.tpl on line 48
2017-03-30 4:10:27 - PHP Notice:  Undefined variable: store_image in E:\dev\xampp\htdocs\JeremyCastillo\catalog\view\theme\default\template\common\header.tpl on line 48
2017-03-31 5:21:48 - PHP Notice:  Undefined variable: logo in E:\dev\xampp\htdocs\JeremyCastillo\catalog\view\theme\default\template\common\home.tpl on line 6
2017-03-31 5:22:14 - PHP Notice:  Undefined variable: server in E:\dev\xampp\htdocs\JeremyCastillo\catalog\controller\common\home.php on line 9
2017-04-04 5:21:02 - PHP Notice:  Use of undefined constant HTTPS_CATALOG - assumed 'HTTPS_CATALOG' in E:\dev\xampp\htdocs\JeremyCastillo\catalog\view\theme\default\template\common\home.tpl on line 21
2017-04-16 4:49:10 - PHP Warning:  Invalid argument supplied for foreach() in E:\dev\xampp\htdocs\JeremyCastillo\system\engine\loader.php on line 53
2017-04-16 4:49:58 - PHP Warning:  Invalid argument supplied for foreach() in E:\dev\xampp\htdocs\JeremyCastillo\system\engine\loader.php on line 53
2017-06-06 3:22:58 - PHP Notice:  Undefined variable: server in /home/html/jeremycastillo/catalog/controller/information/about.php on line 19
2017-06-06 3:23:05 - PHP Notice:  Undefined variable: server in /home/html/jeremycastillo/catalog/controller/information/about.php on line 19
2017-06-07 3:32:59 - PHP Notice:  Undefined index: image in /home/html/jeremycastillo/catalog/view/theme/default/template/product/portfolio.tpl on line 6
2017-06-13 2:24:44 - PHP Notice:  Undefined variable: width_orig in /home/html/jeremycastillo/catalog/model/tool/image.php on line 11
2017-06-13 2:24:44 - PHP Warning:  Division by zero in /home/html/jeremycastillo/catalog/model/tool/image.php on line 11
2017-06-13 2:24:44 - PHP Notice:  Undefined variable: height_orig in /home/html/jeremycastillo/catalog/model/tool/image.php on line 11
2017-06-13 2:24:44 - PHP Notice:  Undefined variable: width_orig in /home/html/jeremycastillo/catalog/model/tool/image.php on line 11
2017-06-13 2:24:44 - PHP Warning:  Division by zero in /home/html/jeremycastillo/catalog/model/tool/image.php on line 11
2017-06-13 2:24:44 - PHP Notice:  Undefined variable: height_orig in /home/html/jeremycastillo/catalog/model/tool/image.php on line 11
2017-06-15 5:33:07 - PHP Notice:  Array to string conversion in /home/html/jeremycastillo/catalog/controller/product/portfolio.php on line 53
2017-06-15 5:33:51 - PHP Notice:  Array to string conversion in /home/html/jeremycastillo/catalog/controller/product/portfolio.php on line 54
2017-06-25 3:17:57 - PHP Notice:  Undefined index: image in /home/html/jeremycastillo/catalog/controller/blog/category.php on line 159
2017-06-25 3:17:57 - PHP Notice:  Undefined index: image in /home/html/jeremycastillo/catalog/controller/blog/category.php on line 159
2017-06-25 3:17:57 - PHP Notice:  Undefined index: image in /home/html/jeremycastillo/catalog/controller/blog/category.php on line 159
2017-06-25 3:17:57 - PHP Notice:  Undefined index: image in /home/html/jeremycastillo/catalog/controller/blog/category.php on line 159
2017-06-25 3:17:57 - PHP Notice:  Undefined index: image in /home/html/jeremycastillo/catalog/controller/blog/category.php on line 159
2017-06-25 3:17:57 - PHP Notice:  Undefined index: image in /home/html/jeremycastillo/catalog/controller/blog/category.php on line 159
2017-06-25 3:17:57 - PHP Notice:  Undefined index: image in /home/html/jeremycastillo/catalog/controller/blog/category.php on line 159
2017-06-25 3:17:57 - PHP Warning:  Division by zero in /home/html/jeremycastillo/catalog/controller/blog/category.php on line 208
2017-06-25 3:17:57 - PHP Notice:  Error: Could not load template /home/html/jeremycastillo/catalog/view/theme/default/template/default/template/blog/category.tpl! in /home/html/jeremycastillo/system/library/template/php.php on line 23
2017-06-25 3:19:50 - PHP Notice:  Undefined index: image in /home/html/jeremycastillo/catalog/controller/blog/category.php on line 159
2017-06-25 3:19:50 - PHP Notice:  Undefined index: image in /home/html/jeremycastillo/catalog/controller/blog/category.php on line 159
2017-06-25 3:19:50 - PHP Notice:  Undefined index: image in /home/html/jeremycastillo/catalog/controller/blog/category.php on line 159
2017-06-25 3:19:50 - PHP Notice:  Undefined index: image in /home/html/jeremycastillo/catalog/controller/blog/category.php on line 159
2017-06-25 3:19:50 - PHP Notice:  Undefined index: image in /home/html/jeremycastillo/catalog/controller/blog/category.php on line 159
2017-06-25 3:19:50 - PHP Notice:  Undefined index: image in /home/html/jeremycastillo/catalog/controller/blog/category.php on line 159
2017-06-25 3:19:50 - PHP Notice:  Undefined index: image in /home/html/jeremycastillo/catalog/controller/blog/category.php on line 159
2017-06-25 3:19:50 - PHP Warning:  Division by zero in /home/html/jeremycastillo/catalog/controller/blog/category.php on line 208
2017-06-25 3:19:50 - PHP Notice:  Undefined variable: header in /home/html/jeremycastillo/catalog/view/theme/default/template/blog/category.tpl on line 1
2017-06-25 3:19:50 - PHP Notice:  Undefined variable: breadcrumbs in /home/html/jeremycastillo/catalog/view/theme/default/template/blog/category.tpl on line 4
2017-06-25 3:19:50 - PHP Warning:  Invalid argument supplied for foreach() in /home/html/jeremycastillo/catalog/view/theme/default/template/blog/category.tpl on line 4
2017-06-25 3:19:50 - PHP Notice:  Undefined variable: column_left in /home/html/jeremycastillo/catalog/view/theme/default/template/blog/category.tpl on line 8
2017-06-25 3:19:50 - PHP Notice:  Undefined variable: column_left in /home/html/jeremycastillo/catalog/view/theme/default/template/blog/category.tpl on line 9
2017-06-25 3:19:50 - PHP Notice:  Undefined variable: column_left in /home/html/jeremycastillo/catalog/view/theme/default/template/blog/category.tpl on line 11
2017-06-25 3:19:50 - PHP Notice:  Undefined variable: column_right in /home/html/jeremycastillo/catalog/view/theme/default/template/blog/category.tpl on line 11
2017-06-25 3:19:50 - PHP Notice:  Undefined variable: content_top in /home/html/jeremycastillo/catalog/view/theme/default/template/blog/category.tpl on line 16
2017-06-25 3:19:50 - PHP Notice:  Undefined variable: description in /home/html/jeremycastillo/catalog/view/theme/default/template/blog/category.tpl on line 17
2017-06-25 3:19:50 - PHP Notice:  Undefined variable: blog_posts in /home/html/jeremycastillo/catalog/view/theme/default/template/blog/category.tpl on line 25
2017-06-25 3:19:50 - PHP Notice:  Undefined variable: blog_posts in /home/html/jeremycastillo/catalog/view/theme/default/template/blog/category.tpl on line 47
2017-06-25 3:19:50 - PHP Notice:  Undefined variable: text_empty in /home/html/jeremycastillo/catalog/view/theme/default/template/blog/category.tpl on line 48
2017-06-25 3:19:50 - PHP Notice:  Undefined variable: continue in /home/html/jeremycastillo/catalog/view/theme/default/template/blog/category.tpl on line 50
2017-06-25 3:19:50 - PHP Notice:  Undefined variable: button_continue in /home/html/jeremycastillo/catalog/view/theme/default/template/blog/category.tpl on line 50
2017-06-25 3:19:50 - PHP Notice:  Undefined variable: content_bottom in /home/html/jeremycastillo/catalog/view/theme/default/template/blog/category.tpl on line 53
2017-06-25 3:19:50 - PHP Notice:  Undefined variable: column_right in /home/html/jeremycastillo/catalog/view/theme/default/template/blog/category.tpl on line 54
2017-06-25 3:19:50 - PHP Notice:  Undefined variable: footer in /home/html/jeremycastillo/catalog/view/theme/default/template/blog/category.tpl on line 56
2017-06-25 3:20:25 - PHP Notice:  Undefined index: image in /home/html/jeremycastillo/catalog/controller/blog/category.php on line 159
2017-06-25 3:20:25 - PHP Notice:  Undefined index: image in /home/html/jeremycastillo/catalog/controller/blog/category.php on line 159
2017-06-25 3:20:25 - PHP Notice:  Undefined index: image in /home/html/jeremycastillo/catalog/controller/blog/category.php on line 159
2017-06-25 3:20:25 - PHP Notice:  Undefined index: image in /home/html/jeremycastillo/catalog/controller/blog/category.php on line 159
2017-06-25 3:20:25 - PHP Notice:  Undefined index: image in /home/html/jeremycastillo/catalog/controller/blog/category.php on line 159
2017-06-25 3:20:25 - PHP Notice:  Undefined index: image in /home/html/jeremycastillo/catalog/controller/blog/category.php on line 159
2017-06-25 3:20:25 - PHP Notice:  Undefined index: image in /home/html/jeremycastillo/catalog/controller/blog/category.php on line 159
2017-06-25 3:20:25 - PHP Warning:  Division by zero in /home/html/jeremycastillo/catalog/controller/blog/category.php on line 208
2017-06-25 3:20:25 - PHP Notice:  Undefined variable: header in /home/html/jeremycastillo/catalog/view/theme/default/template/blog/category.tpl on line 1
2017-06-25 3:20:25 - PHP Notice:  Undefined variable: breadcrumbs in /home/html/jeremycastillo/catalog/view/theme/default/template/blog/category.tpl on line 4
2017-06-25 3:20:25 - PHP Warning:  Invalid argument supplied for foreach() in /home/html/jeremycastillo/catalog/view/theme/default/template/blog/category.tpl on line 4
2017-06-25 3:20:25 - PHP Notice:  Undefined variable: column_left in /home/html/jeremycastillo/catalog/view/theme/default/template/blog/category.tpl on line 8
2017-06-25 3:20:25 - PHP Notice:  Undefined variable: column_left in /home/html/jeremycastillo/catalog/view/theme/default/template/blog/category.tpl on line 9
2017-06-25 3:20:25 - PHP Notice:  Undefined variable: column_left in /home/html/jeremycastillo/catalog/view/theme/default/template/blog/category.tpl on line 11
2017-06-25 3:20:25 - PHP Notice:  Undefined variable: column_right in /home/html/jeremycastillo/catalog/view/theme/default/template/blog/category.tpl on line 11
2017-06-25 3:20:25 - PHP Notice:  Undefined variable: content_top in /home/html/jeremycastillo/catalog/view/theme/default/template/blog/category.tpl on line 16
2017-06-25 3:20:25 - PHP Notice:  Undefined variable: description in /home/html/jeremycastillo/catalog/view/theme/default/template/blog/category.tpl on line 17
2017-06-25 3:20:25 - PHP Notice:  Undefined variable: blog_posts in /home/html/jeremycastillo/catalog/view/theme/default/template/blog/category.tpl on line 25
2017-06-25 3:20:25 - PHP Notice:  Undefined variable: blog_posts in /home/html/jeremycastillo/catalog/view/theme/default/template/blog/category.tpl on line 47
2017-06-25 3:20:25 - PHP Notice:  Undefined variable: text_empty in /home/html/jeremycastillo/catalog/view/theme/default/template/blog/category.tpl on line 48
2017-06-25 3:20:25 - PHP Notice:  Undefined variable: continue in /home/html/jeremycastillo/catalog/view/theme/default/template/blog/category.tpl on line 50
2017-06-25 3:20:25 - PHP Notice:  Undefined variable: button_continue in /home/html/jeremycastillo/catalog/view/theme/default/template/blog/category.tpl on line 50
2017-06-25 3:20:25 - PHP Notice:  Undefined variable: content_bottom in /home/html/jeremycastillo/catalog/view/theme/default/template/blog/category.tpl on line 53
2017-06-25 3:20:25 - PHP Notice:  Undefined variable: column_right in /home/html/jeremycastillo/catalog/view/theme/default/template/blog/category.tpl on line 54
2017-06-25 3:20:25 - PHP Notice:  Undefined variable: footer in /home/html/jeremycastillo/catalog/view/theme/default/template/blog/category.tpl on line 56
2017-06-25 3:20:29 - PHP Notice:  Undefined index: image in /home/html/jeremycastillo/catalog/controller/blog/category.php on line 159
2017-06-25 3:20:29 - PHP Notice:  Undefined index: image in /home/html/jeremycastillo/catalog/controller/blog/category.php on line 159
2017-06-25 3:20:29 - PHP Notice:  Undefined index: image in /home/html/jeremycastillo/catalog/controller/blog/category.php on line 159
2017-06-25 3:20:29 - PHP Notice:  Undefined index: image in /home/html/jeremycastillo/catalog/controller/blog/category.php on line 159
2017-06-25 3:20:29 - PHP Notice:  Undefined index: image in /home/html/jeremycastillo/catalog/controller/blog/category.php on line 159
2017-06-25 3:20:29 - PHP Notice:  Undefined index: image in /home/html/jeremycastillo/catalog/controller/blog/category.php on line 159
2017-06-25 3:20:29 - PHP Notice:  Undefined index: image in /home/html/jeremycastillo/catalog/controller/blog/category.php on line 159
2017-06-25 3:20:29 - PHP Warning:  Division by zero in /home/html/jeremycastillo/catalog/controller/blog/category.php on line 208
2017-06-25 3:20:29 - PHP Notice:  Undefined variable: header in /home/html/jeremycastillo/catalog/view/theme/default/template/blog/category.tpl on line 1
2017-06-25 3:20:29 - PHP Notice:  Undefined variable: breadcrumbs in /home/html/jeremycastillo/catalog/view/theme/default/template/blog/category.tpl on line 4
2017-06-25 3:20:29 - PHP Warning:  Invalid argument supplied for foreach() in /home/html/jeremycastillo/catalog/view/theme/default/template/blog/category.tpl on line 4
2017-06-25 3:20:29 - PHP Notice:  Undefined variable: column_left in /home/html/jeremycastillo/catalog/view/theme/default/template/blog/category.tpl on line 8
2017-06-25 3:20:29 - PHP Notice:  Undefined variable: column_left in /home/html/jeremycastillo/catalog/view/theme/default/template/blog/category.tpl on line 9
2017-06-25 3:20:29 - PHP Notice:  Undefined variable: column_left in /home/html/jeremycastillo/catalog/view/theme/default/template/blog/category.tpl on line 11
2017-06-25 3:20:29 - PHP Notice:  Undefined variable: column_right in /home/html/jeremycastillo/catalog/view/theme/default/template/blog/category.tpl on line 11
2017-06-25 3:20:29 - PHP Notice:  Undefined variable: content_top in /home/html/jeremycastillo/catalog/view/theme/default/template/blog/category.tpl on line 16
2017-06-25 3:20:29 - PHP Notice:  Undefined variable: description in /home/html/jeremycastillo/catalog/view/theme/default/template/blog/category.tpl on line 17
2017-06-25 3:20:29 - PHP Notice:  Undefined variable: blog_posts in /home/html/jeremycastillo/catalog/view/theme/default/template/blog/category.tpl on line 25
2017-06-25 3:20:29 - PHP Notice:  Undefined variable: blog_posts in /home/html/jeremycastillo/catalog/view/theme/default/template/blog/category.tpl on line 47
2017-06-25 3:20:29 - PHP Notice:  Undefined variable: text_empty in /home/html/jeremycastillo/catalog/view/theme/default/template/blog/category.tpl on line 48
2017-06-25 3:20:29 - PHP Notice:  Undefined variable: continue in /home/html/jeremycastillo/catalog/view/theme/default/template/blog/category.tpl on line 50
2017-06-25 3:20:29 - PHP Notice:  Undefined variable: button_continue in /home/html/jeremycastillo/catalog/view/theme/default/template/blog/category.tpl on line 50
2017-06-25 3:20:29 - PHP Notice:  Undefined variable: content_bottom in /home/html/jeremycastillo/catalog/view/theme/default/template/blog/category.tpl on line 53
2017-06-25 3:20:29 - PHP Notice:  Undefined variable: column_right in /home/html/jeremycastillo/catalog/view/theme/default/template/blog/category.tpl on line 54
2017-06-25 3:20:29 - PHP Notice:  Undefined variable: footer in /home/html/jeremycastillo/catalog/view/theme/default/template/blog/category.tpl on line 56
2017-06-25 3:20:29 - PHP Notice:  Undefined index: image in /home/html/jeremycastillo/catalog/controller/blog/category.php on line 159
2017-06-25 3:20:29 - PHP Notice:  Undefined index: image in /home/html/jeremycastillo/catalog/controller/blog/category.php on line 159
2017-06-25 3:20:29 - PHP Notice:  Undefined index: image in /home/html/jeremycastillo/catalog/controller/blog/category.php on line 159
2017-06-25 3:20:29 - PHP Notice:  Undefined index: image in /home/html/jeremycastillo/catalog/controller/blog/category.php on line 159
2017-06-25 3:20:29 - PHP Notice:  Undefined index: image in /home/html/jeremycastillo/catalog/controller/blog/category.php on line 159
2017-06-25 3:20:29 - PHP Notice:  Undefined index: image in /home/html/jeremycastillo/catalog/controller/blog/category.php on line 159
2017-06-25 3:20:29 - PHP Notice:  Undefined index: image in /home/html/jeremycastillo/catalog/controller/blog/category.php on line 159
2017-06-25 3:20:29 - PHP Warning:  Division by zero in /home/html/jeremycastillo/catalog/controller/blog/category.php on line 208
2017-06-25 3:20:29 - PHP Notice:  Undefined variable: header in /home/html/jeremycastillo/catalog/view/theme/default/template/blog/category.tpl on line 1
2017-06-25 3:20:29 - PHP Notice:  Undefined variable: breadcrumbs in /home/html/jeremycastillo/catalog/view/theme/default/template/blog/category.tpl on line 4
2017-06-25 3:20:29 - PHP Warning:  Invalid argument supplied for foreach() in /home/html/jeremycastillo/catalog/view/theme/default/template/blog/category.tpl on line 4
2017-06-25 3:20:29 - PHP Notice:  Undefined variable: column_left in /home/html/jeremycastillo/catalog/view/theme/default/template/blog/category.tpl on line 8
2017-06-25 3:20:29 - PHP Notice:  Undefined variable: column_left in /home/html/jeremycastillo/catalog/view/theme/default/template/blog/category.tpl on line 9
2017-06-25 3:20:29 - PHP Notice:  Undefined variable: column_left in /home/html/jeremycastillo/catalog/view/theme/default/template/blog/category.tpl on line 11
2017-06-25 3:20:29 - PHP Notice:  Undefined variable: column_right in /home/html/jeremycastillo/catalog/view/theme/default/template/blog/category.tpl on line 11
2017-06-25 3:20:29 - PHP Notice:  Undefined variable: content_top in /home/html/jeremycastillo/catalog/view/theme/default/template/blog/category.tpl on line 16
2017-06-25 3:20:29 - PHP Notice:  Undefined variable: description in /home/html/jeremycastillo/catalog/view/theme/default/template/blog/category.tpl on line 17
2017-06-25 3:20:29 - PHP Notice:  Undefined variable: blog_posts in /home/html/jeremycastillo/catalog/view/theme/default/template/blog/category.tpl on line 25
2017-06-25 3:20:29 - PHP Notice:  Undefined variable: blog_posts in /home/html/jeremycastillo/catalog/view/theme/default/template/blog/category.tpl on line 47
2017-06-25 3:20:29 - PHP Notice:  Undefined variable: text_empty in /home/html/jeremycastillo/catalog/view/theme/default/template/blog/category.tpl on line 48
2017-06-25 3:20:29 - PHP Notice:  Undefined variable: continue in /home/html/jeremycastillo/catalog/view/theme/default/template/blog/category.tpl on line 50
2017-06-25 3:20:29 - PHP Notice:  Undefined variable: button_continue in /home/html/jeremycastillo/catalog/view/theme/default/template/blog/category.tpl on line 50
2017-06-25 3:20:29 - PHP Notice:  Undefined variable: content_bottom in /home/html/jeremycastillo/catalog/view/theme/default/template/blog/category.tpl on line 53
2017-06-25 3:20:29 - PHP Notice:  Undefined variable: column_right in /home/html/jeremycastillo/catalog/view/theme/default/template/blog/category.tpl on line 54
2017-06-25 3:20:29 - PHP Notice:  Undefined variable: footer in /home/html/jeremycastillo/catalog/view/theme/default/template/blog/category.tpl on line 56
2017-06-25 3:20:41 - PHP Notice:  Undefined index: image in /home/html/jeremycastillo/catalog/controller/blog/category.php on line 159
2017-06-25 3:20:41 - PHP Notice:  Undefined index: image in /home/html/jeremycastillo/catalog/controller/blog/category.php on line 159
2017-06-25 3:20:41 - PHP Notice:  Undefined index: image in /home/html/jeremycastillo/catalog/controller/blog/category.php on line 159
2017-06-25 3:20:41 - PHP Notice:  Undefined index: image in /home/html/jeremycastillo/catalog/controller/blog/category.php on line 159
2017-06-25 3:20:41 - PHP Notice:  Undefined index: image in /home/html/jeremycastillo/catalog/controller/blog/category.php on line 159
2017-06-25 3:20:41 - PHP Notice:  Undefined index: image in /home/html/jeremycastillo/catalog/controller/blog/category.php on line 159
2017-06-25 3:20:41 - PHP Notice:  Undefined index: image in /home/html/jeremycastillo/catalog/controller/blog/category.php on line 159
2017-06-25 3:20:41 - PHP Warning:  Division by zero in /home/html/jeremycastillo/catalog/controller/blog/category.php on line 208
2017-06-25 3:20:54 - PHP Notice:  Error: Could not load template /home/html/jeremycastillo/catalog/view/theme/default/template/default/template/blog/post.tpl! in /home/html/jeremycastillo/system/library/template/php.php on line 23
2017-06-25 3:22:13 - PHP Notice:  Error: Could not load template /home/html/jeremycastillo/catalog/view/theme/default/template/default/template/blog/comment.tpl! in /home/html/jeremycastillo/system/library/template/php.php on line 23
2017-06-25 3:23:58 - PHP Notice:  Undefined index: image in /home/html/jeremycastillo/catalog/controller/blog/category.php on line 159
2017-06-25 3:23:58 - PHP Notice:  Undefined index: image in /home/html/jeremycastillo/catalog/controller/blog/category.php on line 159
2017-06-25 3:23:58 - PHP Notice:  Undefined index: image in /home/html/jeremycastillo/catalog/controller/blog/category.php on line 159
2017-06-25 3:23:58 - PHP Notice:  Undefined index: image in /home/html/jeremycastillo/catalog/controller/blog/category.php on line 159
2017-06-25 3:23:58 - PHP Notice:  Undefined index: image in /home/html/jeremycastillo/catalog/controller/blog/category.php on line 159
2017-06-25 3:23:58 - PHP Notice:  Undefined index: image in /home/html/jeremycastillo/catalog/controller/blog/category.php on line 159
2017-06-25 3:23:58 - PHP Notice:  Undefined index: image in /home/html/jeremycastillo/catalog/controller/blog/category.php on line 159
2017-06-25 3:23:58 - PHP Warning:  Division by zero in /home/html/jeremycastillo/catalog/controller/blog/category.php on line 208
2017-06-25 3:24:27 - PHP Warning:  Division by zero in /home/html/jeremycastillo/catalog/controller/blog/category.php on line 208
2017-06-29 2:51:56 - PHP Notice:  Undefined variable: class in /home/html/jeremycastillo/catalog/view/theme/default/template/blog/category.tpl on line 2
2017-06-30 3:46:30 - PHP Notice:  Undefined variable: class in /home/html/jeremycastillo/catalog/view/theme/default/template/blog/category.tpl on line 2
2017-06-30 3:48:15 - PHP Notice:  Undefined variable: class in /home/html/jeremycastillo/catalog/view/theme/default/template/blog/category.tpl on line 8
2017-06-30 3:48:41 - PHP Notice:  Undefined variable: class in /home/html/jeremycastillo/catalog/view/theme/default/template/blog/category.tpl on line 8
2017-06-30 3:49:21 - PHP Notice:  Undefined variable: class in /home/html/jeremycastillo/catalog/view/theme/default/template/blog/category.tpl on line 8
2017-06-30 3:49:46 - PHP Notice:  Undefined variable: class in /home/html/jeremycastillo/catalog/view/theme/default/template/blog/category.tpl on line 8
2017-06-30 3:49:50 - PHP Notice:  Undefined variable: class in /home/html/jeremycastillo/catalog/view/theme/default/template/blog/category.tpl on line 8
2017-06-30 3:51:33 - PHP Notice:  Undefined variable: class in /home/html/jeremycastillo/catalog/view/theme/default/template/blog/category.tpl on line 8
2017-06-30 3:51:56 - PHP Notice:  Undefined variable: class in /home/html/jeremycastillo/catalog/view/theme/default/template/blog/category.tpl on line 8
2017-06-30 3:53:47 - PHP Notice:  Undefined variable: class in /home/html/jeremycastillo/catalog/view/theme/default/template/blog/category.tpl on line 8
2017-06-30 3:53:55 - PHP Notice:  Undefined variable: class in /home/html/jeremycastillo/catalog/view/theme/default/template/blog/category.tpl on line 8
2017-06-30 3:54:16 - PHP Notice:  Undefined variable: class in /home/html/jeremycastillo/catalog/view/theme/default/template/blog/category.tpl on line 8
2017-06-30 3:54:27 - PHP Notice:  Undefined variable: class in /home/html/jeremycastillo/catalog/view/theme/default/template/blog/category.tpl on line 8
2017-06-30 3:54:45 - PHP Notice:  Undefined variable: class in /home/html/jeremycastillo/catalog/view/theme/default/template/blog/category.tpl on line 8
2017-06-30 3:54:51 - PHP Notice:  Undefined variable: class in /home/html/jeremycastillo/catalog/view/theme/default/template/blog/category.tpl on line 8
2017-06-30 3:54:59 - PHP Notice:  Undefined variable: class in /home/html/jeremycastillo/catalog/view/theme/default/template/blog/category.tpl on line 8
2017-06-30 3:55:16 - PHP Notice:  Undefined variable: class in /home/html/jeremycastillo/catalog/view/theme/default/template/blog/category.tpl on line 8
2017-06-30 3:55:36 - PHP Notice:  Undefined variable: class in /home/html/jeremycastillo/catalog/view/theme/default/template/blog/category.tpl on line 8
2017-06-30 3:56:05 - PHP Notice:  Undefined variable: class in /home/html/jeremycastillo/catalog/view/theme/default/template/blog/category.tpl on line 8
2017-06-30 3:56:20 - PHP Notice:  Undefined variable: class in /home/html/jeremycastillo/catalog/view/theme/default/template/blog/category.tpl on line 8
2017-06-30 3:57:19 - PHP Notice:  Undefined variable: class in /home/html/jeremycastillo/catalog/view/theme/default/template/blog/category.tpl on line 8
2017-06-30 3:57:34 - PHP Notice:  Undefined variable: class in /home/html/jeremycastillo/catalog/view/theme/default/template/blog/category.tpl on line 8
2017-06-30 4:07:41 - PHP Notice:  Undefined variable: class in /home/html/jeremycastillo/catalog/view/theme/default/template/blog/category.tpl on line 8
2017-07-02 0:05:08 - PHP Notice:  Undefined variable: class in /home/html/jeremycastillo/catalog/view/theme/default/template/blog/category.tpl on line 8
2017-07-02 0:22:59 - PHP Notice:  Undefined variable: column_left in /home/html/jeremycastillo/catalog/view/theme/default/template/information/contact.tpl on line 2
2017-07-02 0:22:59 - PHP Notice:  Undefined variable: column_left in /home/html/jeremycastillo/catalog/view/theme/default/template/information/contact.tpl on line 3
2017-07-02 0:22:59 - PHP Notice:  Undefined variable: column_left in /home/html/jeremycastillo/catalog/view/theme/default/template/information/contact.tpl on line 5
2017-07-02 0:22:59 - PHP Notice:  Undefined variable: column_right in /home/html/jeremycastillo/catalog/view/theme/default/template/information/contact.tpl on line 5
2017-07-02 0:22:59 - PHP Notice:  Undefined variable: content_top in /home/html/jeremycastillo/catalog/view/theme/default/template/information/contact.tpl on line 10
2017-07-02 0:23:40 - PHP Notice:  Undefined variable: class in /home/html/jeremycastillo/catalog/view/theme/default/template/information/contact.tpl on line 2
2017-07-02 0:24:17 - PHP Notice:  Undefined variable: class in /home/html/jeremycastillo/catalog/view/theme/default/template/information/contact.tpl on line 2
2017-07-02 0:49:41 - PHP Notice:  Undefined variable: class in /home/html/jeremycastillo/catalog/view/theme/default/template/information/contact.tpl on line 2
2017-07-02 0:50:00 - PHP Notice:  Undefined variable: class in /home/html/jeremycastillo/catalog/view/theme/default/template/information/contact.tpl on line 2
2017-07-02 0:51:31 - PHP Notice:  Undefined variable: class in /home/html/jeremycastillo/catalog/view/theme/default/template/information/contact.tpl on line 2
2017-07-02 0:52:02 - PHP Notice:  Undefined variable: class in /home/html/jeremycastillo/catalog/view/theme/default/template/information/contact.tpl on line 2
2017-07-02 0:52:57 - PHP Notice:  Undefined variable: class in /home/html/jeremycastillo/catalog/view/theme/default/template/information/contact.tpl on line 2
2017-07-02 0:53:11 - PHP Notice:  Undefined variable: class in /home/html/jeremycastillo/catalog/view/theme/default/template/information/contact.tpl on line 2
2017-07-02 0:53:53 - PHP Notice:  Undefined variable: class in /home/html/jeremycastillo/catalog/view/theme/default/template/information/contact.tpl on line 2
2017-07-02 0:53:55 - PHP Notice:  Undefined variable: class in /home/html/jeremycastillo/catalog/view/theme/default/template/information/contact.tpl on line 2
2017-07-02 0:54:51 - PHP Notice:  Undefined variable: class in /home/html/jeremycastillo/catalog/view/theme/default/template/information/contact.tpl on line 2
2017-07-02 1:00:16 - PHP Notice:  Undefined variable: class in /home/html/jeremycastillo/catalog/view/theme/default/template/information/contact.tpl on line 2
2017-07-02 1:00:19 - PHP Notice:  Undefined variable: class in /home/html/jeremycastillo/catalog/view/theme/default/template/blog/category.tpl on line 8
2017-07-02 1:00:49 - PHP Notice:  Undefined variable: class in /home/html/jeremycastillo/catalog/view/theme/default/template/blog/category.tpl on line 4
2017-07-02 1:02:17 - PHP Notice:  Undefined variable: class in /home/html/jeremycastillo/catalog/view/theme/default/template/blog/category.tpl on line 4
2017-07-02 1:02:25 - PHP Notice:  Undefined variable: class in /home/html/jeremycastillo/catalog/view/theme/default/template/blog/category.tpl on line 4
2017-07-02 1:02:30 - PHP Notice:  Undefined variable: class in /home/html/jeremycastillo/catalog/view/theme/default/template/information/contact.tpl on line 2
2017-07-02 1:02:48 - PHP Notice:  Undefined variable: class in /home/html/jeremycastillo/catalog/view/theme/default/template/information/contact.tpl on line 2
2017-07-02 1:02:51 - PHP Notice:  Undefined variable: class in /home/html/jeremycastillo/catalog/view/theme/default/template/blog/category.tpl on line 4
2017-07-02 1:02:52 - PHP Notice:  Undefined variable: class in /home/html/jeremycastillo/catalog/view/theme/default/template/information/contact.tpl on line 2
2017-07-02 1:05:49 - PHP Notice:  Undefined variable: class in /home/html/jeremycastillo/catalog/view/theme/default/template/blog/category.tpl on line 4
2017-07-02 1:06:41 - PHP Notice:  Undefined variable: class in /home/html/jeremycastillo/catalog/view/theme/default/template/blog/category.tpl on line 4
2017-07-02 1:07:15 - PHP Notice:  Undefined variable: class in /home/html/jeremycastillo/catalog/view/theme/default/template/blog/category.tpl on line 4
2017-07-02 1:41:37 - PHP Notice:  Undefined variable: category_id in /home/html/jeremycastillo/catalog/model/catalog/category.php on line 71
2017-07-02 1:42:30 - PHP Notice:  Undefined index: path in /home/html/jeremycastillo/catalog/controller/portfolio/portfolio.php on line 124
2017-07-02 1:42:30 - PHP Notice:  Undefined variable: category_id in /home/html/jeremycastillo/catalog/controller/portfolio/portfolio.php on line 156
2017-07-02 1:42:30 - PHP Notice:  Undefined index: path in /home/html/jeremycastillo/catalog/controller/portfolio/portfolio.php on line 166
2017-07-02 1:42:30 - PHP Notice:  Undefined variable: category_id in /home/html/jeremycastillo/catalog/controller/portfolio/portfolio.php on line 173
2017-07-02 1:42:31 - PHP Notice:  Undefined index: path in /home/html/jeremycastillo/catalog/controller/portfolio/portfolio.php on line 226
2017-07-02 1:42:31 - PHP Notice:  Undefined index: path in /home/html/jeremycastillo/catalog/controller/portfolio/portfolio.php on line 226
2017-07-02 1:42:31 - PHP Notice:  Undefined index: path in /home/html/jeremycastillo/catalog/controller/portfolio/portfolio.php on line 245
2017-07-02 1:42:31 - PHP Notice:  Undefined index: path in /home/html/jeremycastillo/catalog/controller/portfolio/portfolio.php on line 251
2017-07-02 1:42:31 - PHP Notice:  Undefined index: path in /home/html/jeremycastillo/catalog/controller/portfolio/portfolio.php on line 257
2017-07-02 1:42:31 - PHP Notice:  Undefined index: path in /home/html/jeremycastillo/catalog/controller/portfolio/portfolio.php on line 263
2017-07-02 1:42:31 - PHP Notice:  Undefined index: path in /home/html/jeremycastillo/catalog/controller/portfolio/portfolio.php on line 269
2017-07-02 1:42:31 - PHP Notice:  Undefined index: path in /home/html/jeremycastillo/catalog/controller/portfolio/portfolio.php on line 276
2017-07-02 1:42:31 - PHP Notice:  Undefined index: path in /home/html/jeremycastillo/catalog/controller/portfolio/portfolio.php on line 282
2017-07-02 1:42:31 - PHP Notice:  Undefined index: path in /home/html/jeremycastillo/catalog/controller/portfolio/portfolio.php on line 289
2017-07-02 1:42:31 - PHP Notice:  Undefined index: path in /home/html/jeremycastillo/catalog/controller/portfolio/portfolio.php on line 295
2017-07-02 1:42:31 - PHP Notice:  Undefined index: path in /home/html/jeremycastillo/catalog/controller/portfolio/portfolio.php on line 322
2017-07-02 1:42:31 - PHP Notice:  Undefined index: path in /home/html/jeremycastillo/catalog/controller/portfolio/portfolio.php on line 322
2017-07-02 1:42:31 - PHP Notice:  Undefined index: path in /home/html/jeremycastillo/catalog/controller/portfolio/portfolio.php on line 322
2017-07-02 1:42:31 - PHP Notice:  Undefined index: path in /home/html/jeremycastillo/catalog/controller/portfolio/portfolio.php on line 322
2017-07-02 1:42:31 - PHP Notice:  Undefined index: path in /home/html/jeremycastillo/catalog/controller/portfolio/portfolio.php on line 322
2017-07-02 1:42:31 - PHP Notice:  Undefined index: path in /home/html/jeremycastillo/catalog/controller/portfolio/portfolio.php on line 348
2017-07-02 1:43:21 - PHP Notice:  Undefined index: path in /home/html/jeremycastillo/catalog/controller/portfolio/portfolio.php on line 125
2017-07-02 1:43:21 - PHP Notice:  Undefined variable: category_id in /home/html/jeremycastillo/catalog/controller/portfolio/portfolio.php on line 157
2017-07-02 1:43:21 - PHP Notice:  Undefined index: path in /home/html/jeremycastillo/catalog/controller/portfolio/portfolio.php on line 167
2017-07-02 1:43:21 - PHP Notice:  Undefined variable: category_id in /home/html/jeremycastillo/catalog/controller/portfolio/portfolio.php on line 174
2017-07-02 1:43:21 - PHP Notice:  Undefined index: path in /home/html/jeremycastillo/catalog/controller/portfolio/portfolio.php on line 227
2017-07-02 1:43:21 - PHP Notice:  Undefined index: path in /home/html/jeremycastillo/catalog/controller/portfolio/portfolio.php on line 227
2017-07-02 1:43:21 - PHP Notice:  Undefined index: path in /home/html/jeremycastillo/catalog/controller/portfolio/portfolio.php on line 246
2017-07-02 1:43:21 - PHP Notice:  Undefined index: path in /home/html/jeremycastillo/catalog/controller/portfolio/portfolio.php on line 252
2017-07-02 1:43:21 - PHP Notice:  Undefined index: path in /home/html/jeremycastillo/catalog/controller/portfolio/portfolio.php on line 258
2017-07-02 1:43:21 - PHP Notice:  Undefined index: path in /home/html/jeremycastillo/catalog/controller/portfolio/portfolio.php on line 264
2017-07-02 1:43:21 - PHP Notice:  Undefined index: path in /home/html/jeremycastillo/catalog/controller/portfolio/portfolio.php on line 270
2017-07-02 1:43:21 - PHP Notice:  Undefined index: path in /home/html/jeremycastillo/catalog/controller/portfolio/portfolio.php on line 277
2017-07-02 1:43:21 - PHP Notice:  Undefined index: path in /home/html/jeremycastillo/catalog/controller/portfolio/portfolio.php on line 283
2017-07-02 1:43:21 - PHP Notice:  Undefined index: path in /home/html/jeremycastillo/catalog/controller/portfolio/portfolio.php on line 290
2017-07-02 1:43:21 - PHP Notice:  Undefined index: path in /home/html/jeremycastillo/catalog/controller/portfolio/portfolio.php on line 296
2017-07-02 1:43:21 - PHP Notice:  Undefined index: path in /home/html/jeremycastillo/catalog/controller/portfolio/portfolio.php on line 323
2017-07-02 1:43:21 - PHP Notice:  Undefined index: path in /home/html/jeremycastillo/catalog/controller/portfolio/portfolio.php on line 323
2017-07-02 1:43:21 - PHP Notice:  Undefined index: path in /home/html/jeremycastillo/catalog/controller/portfolio/portfolio.php on line 323
2017-07-02 1:43:21 - PHP Notice:  Undefined index: path in /home/html/jeremycastillo/catalog/controller/portfolio/portfolio.php on line 323
2017-07-02 1:43:21 - PHP Notice:  Undefined index: path in /home/html/jeremycastillo/catalog/controller/portfolio/portfolio.php on line 323
2017-07-02 1:43:21 - PHP Notice:  Undefined index: path in /home/html/jeremycastillo/catalog/controller/portfolio/portfolio.php on line 349
2017-07-02 1:43:53 - PHP Notice:  Undefined variable: category_id in /home/html/jeremycastillo/catalog/controller/portfolio/portfolio.php on line 158
2017-07-02 1:43:53 - PHP Notice:  Undefined variable: category_id in /home/html/jeremycastillo/catalog/controller/portfolio/portfolio.php on line 175
2017-07-02 1:44:29 - PHP Notice:  Undefined variable: category_id in /home/html/jeremycastillo/catalog/controller/portfolio/portfolio.php on line 159
2017-07-02 1:44:29 - PHP Notice:  Undefined variable: category_id in /home/html/jeremycastillo/catalog/controller/portfolio/portfolio.php on line 176
2017-07-02 1:46:01 - PHP Notice:  Undefined variable: categories in /home/html/jeremycastillo/catalog/view/theme/default/template/portfolio/portfolio.tpl on line 29
2017-07-02 1:46:01 - PHP Notice:  Undefined variable: categories in /home/html/jeremycastillo/catalog/view/theme/default/template/portfolio/portfolio.tpl on line 145
2017-07-02 1:46:07 - PHP Notice:  Undefined variable: categories in /home/html/jeremycastillo/catalog/view/theme/default/template/portfolio/portfolio.tpl on line 29
2017-07-02 1:46:07 - PHP Notice:  Undefined variable: categories in /home/html/jeremycastillo/catalog/view/theme/default/template/portfolio/portfolio.tpl on line 145
2017-07-02 1:46:48 - PHP Notice:  Undefined variable: category_id in /home/html/jeremycastillo/catalog/controller/portfolio/portfolio.php on line 158
2017-07-02 1:46:48 - PHP Notice:  Undefined variable: category_id in /home/html/jeremycastillo/catalog/controller/portfolio/portfolio.php on line 175
2017-07-02 1:48:04 - PHP Notice:  Undefined variable: category_id in /home/html/jeremycastillo/catalog/controller/portfolio/portfolio.php on line 159
2017-07-02 1:48:04 - PHP Notice:  Undefined variable: categories in /home/html/jeremycastillo/catalog/view/theme/default/template/portfolio/portfolio.tpl on line 29
2017-07-02 1:48:04 - PHP Notice:  Undefined variable: categories in /home/html/jeremycastillo/catalog/view/theme/default/template/portfolio/portfolio.tpl on line 145
2017-07-02 1:48:19 - PHP Notice:  Undefined variable: categories in /home/html/jeremycastillo/catalog/view/theme/default/template/portfolio/portfolio.tpl on line 29
2017-07-02 1:48:19 - PHP Notice:  Undefined variable: categories in /home/html/jeremycastillo/catalog/view/theme/default/template/portfolio/portfolio.tpl on line 145
2017-07-02 1:49:03 - PHP Notice:  Undefined variable: class in /home/html/jeremycastillo/catalog/view/theme/default/template/blog/category.tpl on line 4
2017-07-02 1:49:05 - PHP Notice:  Undefined variable: categories in /home/html/jeremycastillo/catalog/view/theme/default/template/portfolio/portfolio.tpl on line 29
2017-07-02 1:49:05 - PHP Notice:  Undefined variable: categories in /home/html/jeremycastillo/catalog/view/theme/default/template/portfolio/portfolio.tpl on line 145
2017-07-03 17:20:32 - PHP Notice:  Undefined variable: class in /home/html/jeremycastillo/catalog/view/theme/default/template/blog/category.tpl on line 4
2017-07-03 17:24:21 - PHP Notice:  Undefined variable: class in /home/html/jeremycastillo/catalog/view/theme/default/template/blog/category.tpl on line 4
2017-07-03 17:28:26 - PHP Notice:  Undefined variable: class in /home/html/jeremycastillo/catalog/view/theme/default/template/portfolio/portfolio.tpl on line 5
2017-07-03 17:29:14 - PHP Notice:  Undefined variable: class in /home/html/jeremycastillo/catalog/view/theme/default/template/portfolio/portfolio.tpl on line 5
2017-07-03 17:39:43 - PHP Notice:  Undefined variable: class in /home/html/jeremycastillo/catalog/view/theme/default/template/blog/category.tpl on line 4
2017-07-03 17:39:47 - PHP Notice:  Undefined variable: class in /home/html/jeremycastillo/catalog/view/theme/default/template/blog/category.tpl on line 4
2017-07-03 17:54:31 - PHP Notice:  Undefined variable: class in /home/html/jeremycastillo/catalog/view/theme/default/template/blog/category.tpl on line 4
2017-07-03 17:55:31 - PHP Notice:  Undefined variable: class in /home/html/jeremycastillo/catalog/view/theme/default/template/blog/category.tpl on line 4
2017-07-03 17:56:13 - PHP Notice:  Undefined variable: class in /home/html/jeremycastillo/catalog/view/theme/default/template/blog/category.tpl on line 4
2017-07-03 17:56:20 - PHP Notice:  Undefined variable: class in /home/html/jeremycastillo/catalog/view/theme/default/template/blog/category.tpl on line 4
2017-07-03 18:03:44 - PHP Notice:  Undefined variable: class in /home/html/jeremycastillo/catalog/view/theme/default/template/blog/category.tpl on line 4
2017-07-03 18:04:02 - PHP Notice:  Undefined variable: class in /home/html/jeremycastillo/catalog/view/theme/default/template/blog/category.tpl on line 4
2017-07-03 18:04:13 - PHP Notice:  Undefined variable: class in /home/html/jeremycastillo/catalog/view/theme/default/template/blog/category.tpl on line 4
2017-07-03 21:18:52 - PHP Notice:  Undefined variable: class in /home/html/jeremycastillo/catalog/view/theme/default/template/blog/category.tpl on line 4
2017-07-06 1:17:30 - PHP Notice:  Undefined variable: class in /home/html/jeremycastillo/catalog/view/theme/default/template/blog/category.tpl on line 4
2017-07-06 1:24:37 - PHP Notice:  Undefined variable: class in /home/html/jeremycastillo/catalog/view/theme/default/template/product/product.tpl on line 5
2017-07-06 1:26:15 - PHP Notice:  Undefined variable: class in /home/html/jeremycastillo/catalog/view/theme/default/template/product/product.tpl on line 5
2017-07-06 1:26:15 - PHP Notice:  Undefined variable: class in /home/html/jeremycastillo/catalog/view/theme/default/template/product/product.tpl on line 7
2017-07-06 1:28:47 - PHP Notice:  Undefined variable: class in /home/html/jeremycastillo/catalog/view/theme/default/template/product/product.tpl on line 5
2017-07-06 1:28:47 - PHP Notice:  Undefined variable: class in /home/html/jeremycastillo/catalog/view/theme/default/template/product/product.tpl on line 7
2017-07-06 1:30:29 - PHP Notice:  Undefined variable: class in /home/html/jeremycastillo/catalog/view/theme/default/template/product/product.tpl on line 5
2017-07-06 1:30:29 - PHP Notice:  Undefined variable: class in /home/html/jeremycastillo/catalog/view/theme/default/template/product/product.tpl on line 7
2017-07-06 1:31:14 - PHP Notice:  Undefined variable: class in /home/html/jeremycastillo/catalog/view/theme/default/template/product/product.tpl on line 5
2017-07-06 1:31:14 - PHP Notice:  Undefined variable: class in /home/html/jeremycastillo/catalog/view/theme/default/template/product/product.tpl on line 7
2017-07-06 1:36:11 - PHP Notice:  Undefined variable: class in /home/html/jeremycastillo/catalog/view/theme/default/template/product/product.tpl on line 5
2017-07-06 1:36:11 - PHP Notice:  Undefined variable: class in /home/html/jeremycastillo/catalog/view/theme/default/template/product/product.tpl on line 7
2017-07-06 1:36:28 - PHP Notice:  Undefined variable: class in /home/html/jeremycastillo/catalog/view/theme/default/template/product/product.tpl on line 5
2017-07-06 1:36:28 - PHP Notice:  Undefined variable: class in /home/html/jeremycastillo/catalog/view/theme/default/template/product/product.tpl on line 7
2017-07-06 1:41:25 - PHP Notice:  Undefined variable: class in /home/html/jeremycastillo/catalog/view/theme/default/template/product/product.tpl on line 5
2017-07-06 1:41:25 - PHP Notice:  Undefined variable: class in /home/html/jeremycastillo/catalog/view/theme/default/template/product/product.tpl on line 7
2017-07-06 1:41:36 - PHP Notice:  Undefined variable: class in /home/html/jeremycastillo/catalog/view/theme/default/template/product/product.tpl on line 5
2017-07-06 1:41:36 - PHP Notice:  Undefined variable: class in /home/html/jeremycastillo/catalog/view/theme/default/template/product/product.tpl on line 7
2017-07-06 1:43:24 - PHP Notice:  Undefined variable: class in /home/html/jeremycastillo/catalog/view/theme/default/template/product/product.tpl on line 5
2017-07-06 1:43:24 - PHP Notice:  Undefined variable: class in /home/html/jeremycastillo/catalog/view/theme/default/template/product/product.tpl on line 7
2017-07-06 1:43:31 - PHP Notice:  Undefined variable: class in /home/html/jeremycastillo/catalog/view/theme/default/template/product/product.tpl on line 5
2017-07-06 1:43:31 - PHP Notice:  Undefined variable: class in /home/html/jeremycastillo/catalog/view/theme/default/template/product/product.tpl on line 7
2017-07-06 1:43:50 - PHP Notice:  Undefined variable: class in /home/html/jeremycastillo/catalog/view/theme/default/template/product/product.tpl on line 5
2017-07-06 1:43:50 - PHP Notice:  Undefined variable: class in /home/html/jeremycastillo/catalog/view/theme/default/template/product/product.tpl on line 7
2017-07-06 1:44:09 - PHP Notice:  Undefined variable: class in /home/html/jeremycastillo/catalog/view/theme/default/template/product/product.tpl on line 5
2017-07-06 1:44:09 - PHP Notice:  Undefined variable: class in /home/html/jeremycastillo/catalog/view/theme/default/template/product/product.tpl on line 7
2017-07-06 1:44:18 - PHP Notice:  Undefined variable: class in /home/html/jeremycastillo/catalog/view/theme/default/template/product/product.tpl on line 5
2017-07-06 1:44:18 - PHP Notice:  Undefined variable: class in /home/html/jeremycastillo/catalog/view/theme/default/template/product/product.tpl on line 7
2017-07-06 1:47:11 - PHP Notice:  Undefined variable: class in /home/html/jeremycastillo/catalog/view/theme/default/template/product/product.tpl on line 5
2017-07-06 1:47:11 - PHP Notice:  Undefined variable: class in /home/html/jeremycastillo/catalog/view/theme/default/template/product/product.tpl on line 7
2017-07-06 1:47:30 - PHP Notice:  Undefined variable: class in /home/html/jeremycastillo/catalog/view/theme/default/template/product/product.tpl on line 5
2017-07-06 1:47:30 - PHP Notice:  Undefined variable: class in /home/html/jeremycastillo/catalog/view/theme/default/template/product/product.tpl on line 7
2017-07-06 1:47:53 - PHP Notice:  Undefined variable: class in /home/html/jeremycastillo/catalog/view/theme/default/template/blog/category.tpl on line 4
2017-07-06 2:50:03 - PHP Notice:  Undefined variable: class in /home/html/jeremycastillo/catalog/view/theme/default/template/product/product.tpl on line 5
2017-07-06 2:50:03 - PHP Notice:  Undefined variable: class in /home/html/jeremycastillo/catalog/view/theme/default/template/product/product.tpl on line 7
2017-07-06 2:51:03 - PHP Notice:  Undefined variable: class in /home/html/jeremycastillo/catalog/view/theme/default/template/product/product.tpl on line 5
2017-07-06 2:51:03 - PHP Notice:  Undefined variable: class in /home/html/jeremycastillo/catalog/view/theme/default/template/product/product.tpl on line 7
2017-07-06 2:51:11 - PHP Notice:  Undefined variable: class in /home/html/jeremycastillo/catalog/view/theme/default/template/product/product.tpl on line 5
2017-07-06 2:51:11 - PHP Notice:  Undefined variable: class in /home/html/jeremycastillo/catalog/view/theme/default/template/product/product.tpl on line 7
2017-07-06 2:53:30 - PHP Notice:  Undefined variable: class in /home/html/jeremycastillo/catalog/view/theme/default/template/product/product.tpl on line 5
2017-07-06 2:53:30 - PHP Notice:  Undefined variable: class in /home/html/jeremycastillo/catalog/view/theme/default/template/product/product.tpl on line 7
2017-07-06 2:54:07 - PHP Notice:  Undefined variable: class in /home/html/jeremycastillo/catalog/view/theme/default/template/product/product.tpl on line 5
2017-07-06 2:54:07 - PHP Notice:  Undefined variable: class in /home/html/jeremycastillo/catalog/view/theme/default/template/product/product.tpl on line 7
2017-07-06 2:56:02 - PHP Notice:  Undefined variable: class in /home/html/jeremycastillo/catalog/view/theme/default/template/product/product.tpl on line 5
2017-07-06 2:56:02 - PHP Notice:  Undefined variable: class in /home/html/jeremycastillo/catalog/view/theme/default/template/product/product.tpl on line 7
2017-07-06 3:05:43 - PHP Notice:  Undefined variable: class in /home/html/jeremycastillo/catalog/view/theme/default/template/product/product.tpl on line 5
2017-07-06 3:05:43 - PHP Notice:  Undefined variable: class in /home/html/jeremycastillo/catalog/view/theme/default/template/product/product.tpl on line 7
2017-07-06 3:07:21 - PHP Notice:  Undefined variable: class in /home/html/jeremycastillo/catalog/view/theme/default/template/product/product.tpl on line 5
2017-07-06 3:07:21 - PHP Notice:  Undefined variable: class in /home/html/jeremycastillo/catalog/view/theme/default/template/product/product.tpl on line 7
2017-07-06 3:07:41 - PHP Notice:  Undefined variable: class in /home/html/jeremycastillo/catalog/view/theme/default/template/blog/category.tpl on line 4
2017-07-06 3:09:05 - PHP Notice:  Undefined variable: class in /home/html/jeremycastillo/catalog/view/theme/default/template/blog/category.tpl on line 4
2017-07-06 3:09:24 - PHP Notice:  Undefined variable: class in /home/html/jeremycastillo/catalog/view/theme/default/template/product/product.tpl on line 5
2017-07-06 3:09:24 - PHP Notice:  Undefined variable: class in /home/html/jeremycastillo/catalog/view/theme/default/template/product/product.tpl on line 7
2017-07-06 3:11:06 - PHP Notice:  Undefined variable: class in /home/html/jeremycastillo/catalog/view/theme/default/template/product/product.tpl on line 5
2017-07-06 3:11:06 - PHP Notice:  Undefined variable: class in /home/html/jeremycastillo/catalog/view/theme/default/template/product/product.tpl on line 7
2017-07-06 3:11:57 - PHP Notice:  Undefined variable: class in /home/html/jeremycastillo/catalog/view/theme/default/template/product/product.tpl on line 5
2017-07-06 3:11:57 - PHP Notice:  Undefined variable: class in /home/html/jeremycastillo/catalog/view/theme/default/template/product/product.tpl on line 7
2017-07-06 3:12:49 - PHP Notice:  Undefined variable: class in /home/html/jeremycastillo/catalog/view/theme/default/template/product/product.tpl on line 5
2017-07-06 3:12:49 - PHP Notice:  Undefined variable: class in /home/html/jeremycastillo/catalog/view/theme/default/template/product/product.tpl on line 7
2017-07-06 3:12:57 - PHP Notice:  Undefined variable: class in /home/html/jeremycastillo/catalog/view/theme/default/template/product/product.tpl on line 5
2017-07-06 3:12:57 - PHP Notice:  Undefined variable: class in /home/html/jeremycastillo/catalog/view/theme/default/template/product/product.tpl on line 7
2017-07-06 3:13:45 - PHP Notice:  Undefined variable: class in /home/html/jeremycastillo/catalog/view/theme/default/template/product/product.tpl on line 5
2017-07-06 3:13:45 - PHP Notice:  Undefined variable: class in /home/html/jeremycastillo/catalog/view/theme/default/template/product/product.tpl on line 7
2017-07-06 3:19:03 - PHP Notice:  Undefined variable: class in /home/html/jeremycastillo/catalog/view/theme/default/template/product/product.tpl on line 5
2017-07-06 3:19:03 - PHP Notice:  Undefined variable: class in /home/html/jeremycastillo/catalog/view/theme/default/template/product/product.tpl on line 7
2017-07-06 3:20:10 - PHP Notice:  Undefined variable: class in /home/html/jeremycastillo/catalog/view/theme/default/template/product/product.tpl on line 5
2017-07-06 3:20:10 - PHP Notice:  Undefined variable: class in /home/html/jeremycastillo/catalog/view/theme/default/template/product/product.tpl on line 7
2017-07-06 3:21:12 - PHP Notice:  Undefined variable: class in /home/html/jeremycastillo/catalog/view/theme/default/template/product/product.tpl on line 5
2017-07-06 3:21:12 - PHP Notice:  Undefined variable: class in /home/html/jeremycastillo/catalog/view/theme/default/template/product/product.tpl on line 7
2017-07-06 3:21:44 - PHP Notice:  Undefined variable: class in /home/html/jeremycastillo/catalog/view/theme/default/template/product/product.tpl on line 5
2017-07-06 3:21:44 - PHP Notice:  Undefined variable: class in /home/html/jeremycastillo/catalog/view/theme/default/template/product/product.tpl on line 7
2017-07-06 3:22:45 - PHP Notice:  Undefined variable: class in /home/html/jeremycastillo/catalog/view/theme/default/template/product/product.tpl on line 5
2017-07-06 3:22:45 - PHP Notice:  Undefined variable: class in /home/html/jeremycastillo/catalog/view/theme/default/template/product/product.tpl on line 7
2017-07-06 3:27:49 - PHP Notice:  Undefined variable: class in /home/html/jeremycastillo/catalog/view/theme/default/template/blog/category.tpl on line 4
2017-07-06 3:28:18 - PHP Notice:  Undefined variable: class in /home/html/jeremycastillo/catalog/view/theme/default/template/blog/category.tpl on line 4
2017-07-06 3:28:42 - PHP Notice:  Undefined variable: class in /home/html/jeremycastillo/catalog/view/theme/default/template/blog/category.tpl on line 4
2017-07-06 3:28:52 - PHP Notice:  Undefined variable: class in /home/html/jeremycastillo/catalog/view/theme/default/template/blog/category.tpl on line 4
2017-07-06 3:29:00 - PHP Notice:  Undefined variable: class in /home/html/jeremycastillo/catalog/view/theme/default/template/blog/category.tpl on line 4
2017-07-06 3:30:14 - PHP Notice:  Undefined variable: class in /home/html/jeremycastillo/catalog/view/theme/default/template/product/product.tpl on line 5
2017-07-06 3:30:14 - PHP Notice:  Undefined variable: class in /home/html/jeremycastillo/catalog/view/theme/default/template/product/product.tpl on line 7
2017-07-06 3:30:59 - PHP Notice:  Undefined variable: class in /home/html/jeremycastillo/catalog/view/theme/default/template/product/product.tpl on line 5
2017-07-06 3:30:59 - PHP Notice:  Undefined variable: class in /home/html/jeremycastillo/catalog/view/theme/default/template/product/product.tpl on line 7
2017-07-06 3:33:47 - PHP Notice:  Undefined variable: class in /home/html/jeremycastillo/catalog/view/theme/default/template/product/product.tpl on line 5
2017-07-06 3:33:47 - PHP Notice:  Undefined variable: class in /home/html/jeremycastillo/catalog/view/theme/default/template/product/product.tpl on line 7
2017-07-06 3:34:31 - PHP Notice:  Undefined variable: class in /home/html/jeremycastillo/catalog/view/theme/default/template/product/product.tpl on line 5
2017-07-06 3:34:31 - PHP Notice:  Undefined variable: class in /home/html/jeremycastillo/catalog/view/theme/default/template/product/product.tpl on line 7
2017-07-06 3:34:58 - PHP Notice:  Undefined variable: class in /home/html/jeremycastillo/catalog/view/theme/default/template/product/product.tpl on line 5
2017-07-06 3:34:58 - PHP Notice:  Undefined variable: class in /home/html/jeremycastillo/catalog/view/theme/default/template/product/product.tpl on line 7
2017-07-06 3:35:49 - PHP Notice:  Undefined variable: class in /home/html/jeremycastillo/catalog/view/theme/default/template/product/product.tpl on line 5
2017-07-06 3:35:49 - PHP Notice:  Undefined variable: class in /home/html/jeremycastillo/catalog/view/theme/default/template/product/product.tpl on line 7
2017-07-06 3:36:01 - PHP Notice:  Undefined variable: class in /home/html/jeremycastillo/catalog/view/theme/default/template/product/product.tpl on line 5
2017-07-06 3:36:01 - PHP Notice:  Undefined variable: class in /home/html/jeremycastillo/catalog/view/theme/default/template/product/product.tpl on line 7
2017-07-06 3:38:26 - PHP Notice:  Undefined variable: class in /home/html/jeremycastillo/catalog/view/theme/default/template/product/product.tpl on line 5
2017-07-06 3:38:26 - PHP Notice:  Undefined variable: class in /home/html/jeremycastillo/catalog/view/theme/default/template/product/product.tpl on line 7
2017-07-06 3:39:11 - PHP Notice:  Undefined variable: class in /home/html/jeremycastillo/catalog/view/theme/default/template/product/product.tpl on line 5
2017-07-06 3:39:11 - PHP Notice:  Undefined variable: class in /home/html/jeremycastillo/catalog/view/theme/default/template/product/product.tpl on line 7
2017-07-06 3:41:27 - PHP Notice:  Undefined variable: class in /home/html/jeremycastillo/catalog/view/theme/default/template/blog/category.tpl on line 4
2017-07-06 3:41:47 - PHP Notice:  Undefined variable: class in /home/html/jeremycastillo/catalog/view/theme/default/template/product/product.tpl on line 5
2017-07-06 3:41:47 - PHP Notice:  Undefined variable: class in /home/html/jeremycastillo/catalog/view/theme/default/template/product/product.tpl on line 7
2017-07-06 3:42:21 - PHP Notice:  Undefined variable: class in /home/html/jeremycastillo/catalog/view/theme/default/template/product/product.tpl on line 5
2017-07-06 3:42:21 - PHP Notice:  Undefined variable: class in /home/html/jeremycastillo/catalog/view/theme/default/template/product/product.tpl on line 7
2017-07-06 3:42:43 - PHP Notice:  Undefined variable: class in /home/html/jeremycastillo/catalog/view/theme/default/template/blog/category.tpl on line 4
2017-07-06 3:42:52 - PHP Notice:  Undefined variable: class in /home/html/jeremycastillo/catalog/view/theme/default/template/product/product.tpl on line 5
2017-07-06 3:42:52 - PHP Notice:  Undefined variable: class in /home/html/jeremycastillo/catalog/view/theme/default/template/product/product.tpl on line 7
2017-07-07 1:43:55 - PHP Notice:  Undefined variable: class in /home/html/jeremycastillo/catalog/view/theme/default/template/blog/category.tpl on line 4
2017-07-07 1:44:14 - PHP Notice:  Undefined variable: class in /home/html/jeremycastillo/catalog/view/theme/default/template/blog/category.tpl on line 4
2017-07-07 2:00:07 - PHP Notice:  Undefined variable: class in /home/html/jeremycastillo/catalog/view/theme/default/template/product/product.tpl on line 5
2017-07-07 2:00:07 - PHP Notice:  Undefined variable: class in /home/html/jeremycastillo/catalog/view/theme/default/template/product/product.tpl on line 7
2017-07-07 2:00:16 - PHP Notice:  Undefined variable: class in /home/html/jeremycastillo/catalog/view/theme/default/template/blog/category.tpl on line 4
2017-07-07 2:00:27 - PHP Notice:  Undefined variable: class in /home/html/jeremycastillo/catalog/view/theme/default/template/product/product.tpl on line 5
2017-07-07 2:00:27 - PHP Notice:  Undefined variable: class in /home/html/jeremycastillo/catalog/view/theme/default/template/product/product.tpl on line 7
2017-07-07 2:01:51 - PHP Notice:  Undefined variable: class in /home/html/jeremycastillo/catalog/view/theme/default/template/product/product.tpl on line 5
2017-07-07 2:01:51 - PHP Notice:  Undefined variable: class in /home/html/jeremycastillo/catalog/view/theme/default/template/product/product.tpl on line 7
2017-07-07 2:02:14 - PHP Notice:  Undefined variable: class in /home/html/jeremycastillo/catalog/view/theme/default/template/product/product.tpl on line 5
2017-07-07 2:02:14 - PHP Notice:  Undefined variable: class in /home/html/jeremycastillo/catalog/view/theme/default/template/product/product.tpl on line 7
2017-07-07 2:03:39 - PHP Notice:  Undefined variable: class in /home/html/jeremycastillo/catalog/view/theme/default/template/product/product.tpl on line 5
2017-07-07 2:03:39 - PHP Notice:  Undefined variable: class in /home/html/jeremycastillo/catalog/view/theme/default/template/product/product.tpl on line 7
2017-07-07 2:07:30 - PHP Notice:  Undefined variable: class in /home/html/jeremycastillo/catalog/view/theme/default/template/product/product.tpl on line 5
2017-07-07 2:07:30 - PHP Notice:  Undefined variable: class in /home/html/jeremycastillo/catalog/view/theme/default/template/product/product.tpl on line 7
2017-07-07 2:07:59 - PHP Notice:  Undefined variable: class in /home/html/jeremycastillo/catalog/view/theme/default/template/product/product.tpl on line 5
2017-07-07 2:07:59 - PHP Notice:  Undefined variable: class in /home/html/jeremycastillo/catalog/view/theme/default/template/product/product.tpl on line 7
2017-07-07 2:08:07 - PHP Notice:  Undefined variable: class in /home/html/jeremycastillo/catalog/view/theme/default/template/product/product.tpl on line 5
2017-07-07 2:08:07 - PHP Notice:  Undefined variable: class in /home/html/jeremycastillo/catalog/view/theme/default/template/product/product.tpl on line 7
2017-07-07 2:10:33 - PHP Notice:  Undefined variable: class in /home/html/jeremycastillo/catalog/view/theme/default/template/product/product.tpl on line 5
2017-07-07 2:10:33 - PHP Notice:  Undefined variable: class in /home/html/jeremycastillo/catalog/view/theme/default/template/product/product.tpl on line 7
2017-07-07 2:10:54 - PHP Notice:  Undefined variable: class in /home/html/jeremycastillo/catalog/view/theme/default/template/product/product.tpl on line 5
2017-07-07 2:10:54 - PHP Notice:  Undefined variable: class in /home/html/jeremycastillo/catalog/view/theme/default/template/product/product.tpl on line 7
2017-07-07 2:11:00 - PHP Notice:  Undefined variable: class in /home/html/jeremycastillo/catalog/view/theme/default/template/product/product.tpl on line 5
2017-07-07 2:11:00 - PHP Notice:  Undefined variable: class in /home/html/jeremycastillo/catalog/view/theme/default/template/product/product.tpl on line 7
2017-07-07 2:11:37 - PHP Notice:  Undefined variable: class in /home/html/jeremycastillo/catalog/view/theme/default/template/product/product.tpl on line 5
2017-07-07 2:11:37 - PHP Notice:  Undefined variable: class in /home/html/jeremycastillo/catalog/view/theme/default/template/product/product.tpl on line 7
2017-07-07 2:14:06 - PHP Notice:  Undefined variable: class in /home/html/jeremycastillo/catalog/view/theme/default/template/product/product.tpl on line 5
2017-07-07 2:14:06 - PHP Notice:  Undefined variable: class in /home/html/jeremycastillo/catalog/view/theme/default/template/product/product.tpl on line 7
2017-07-07 2:17:11 - PHP Notice:  Undefined variable: class in /home/html/jeremycastillo/catalog/view/theme/default/template/product/product.tpl on line 5
2017-07-07 2:17:11 - PHP Notice:  Undefined variable: class in /home/html/jeremycastillo/catalog/view/theme/default/template/product/product.tpl on line 7
2017-07-07 2:17:24 - PHP Notice:  Undefined variable: class in /home/html/jeremycastillo/catalog/view/theme/default/template/product/product.tpl on line 5
2017-07-07 2:17:24 - PHP Notice:  Undefined variable: class in /home/html/jeremycastillo/catalog/view/theme/default/template/product/product.tpl on line 7
2017-07-07 2:18:48 - PHP Notice:  Undefined variable: class in /home/html/jeremycastillo/catalog/view/theme/default/template/product/product.tpl on line 5
2017-07-07 2:18:48 - PHP Notice:  Undefined variable: class in /home/html/jeremycastillo/catalog/view/theme/default/template/product/product.tpl on line 7
2017-07-07 2:19:02 - PHP Notice:  Undefined variable: class in /home/html/jeremycastillo/catalog/view/theme/default/template/blog/category.tpl on line 4
2017-07-07 2:19:47 - PHP Notice:  Undefined variable: class in /home/html/jeremycastillo/catalog/view/theme/default/template/product/product.tpl on line 5
2017-07-07 2:19:47 - PHP Notice:  Undefined variable: class in /home/html/jeremycastillo/catalog/view/theme/default/template/product/product.tpl on line 7
2017-07-07 2:36:39 - PHP Notice:  Undefined variable: class in /home/html/jeremycastillo/catalog/view/theme/default/template/product/product.tpl on line 5
2017-07-07 2:36:39 - PHP Notice:  Undefined variable: class in /home/html/jeremycastillo/catalog/view/theme/default/template/product/product.tpl on line 7
2017-07-07 2:37:47 - PHP Notice:  Undefined variable: class in /home/html/jeremycastillo/catalog/view/theme/default/template/blog/category.tpl on line 4
2017-07-07 2:38:55 - PHP Notice:  Undefined variable: class in /home/html/jeremycastillo/catalog/view/theme/default/template/blog/category.tpl on line 4
2017-07-07 2:39:02 - PHP Notice:  Undefined variable: class in /home/html/jeremycastillo/catalog/view/theme/default/template/product/product.tpl on line 5
2017-07-07 2:39:02 - PHP Notice:  Undefined variable: class in /home/html/jeremycastillo/catalog/view/theme/default/template/product/product.tpl on line 7
2017-07-07 2:39:57 - PHP Notice:  Undefined variable: class in /home/html/jeremycastillo/catalog/view/theme/default/template/product/product.tpl on line 5
2017-07-07 2:39:57 - PHP Notice:  Undefined variable: class in /home/html/jeremycastillo/catalog/view/theme/default/template/product/product.tpl on line 7
2017-07-07 2:40:04 - PHP Notice:  Undefined variable: class in /home/html/jeremycastillo/catalog/view/theme/default/template/product/product.tpl on line 5
2017-07-07 2:40:04 - PHP Notice:  Undefined variable: class in /home/html/jeremycastillo/catalog/view/theme/default/template/product/product.tpl on line 7
2017-07-07 2:40:09 - PHP Notice:  Undefined variable: class in /home/html/jeremycastillo/catalog/view/theme/default/template/blog/category.tpl on line 4
2017-07-07 2:44:15 - PHP Notice:  Undefined variable: class in /home/html/jeremycastillo/catalog/view/theme/default/template/product/product.tpl on line 5
2017-07-07 2:44:15 - PHP Notice:  Undefined variable: class in /home/html/jeremycastillo/catalog/view/theme/default/template/product/product.tpl on line 7
2017-07-07 2:50:05 - PHP Notice:  Undefined variable: class in /home/html/jeremycastillo/catalog/view/theme/default/template/product/product.tpl on line 5
2017-07-07 2:50:05 - PHP Notice:  Undefined variable: class in /home/html/jeremycastillo/catalog/view/theme/default/template/product/product.tpl on line 7
2017-07-07 2:57:25 - PHP Notice:  Undefined variable: class in /home/html/jeremycastillo/catalog/view/theme/default/template/product/product.tpl on line 5
2017-07-07 2:57:25 - PHP Notice:  Undefined variable: class in /home/html/jeremycastillo/catalog/view/theme/default/template/product/product.tpl on line 7
2017-07-07 2:58:05 - PHP Notice:  Undefined variable: class in /home/html/jeremycastillo/catalog/view/theme/default/template/product/product.tpl on line 5
2017-07-07 2:58:05 - PHP Notice:  Undefined variable: class in /home/html/jeremycastillo/catalog/view/theme/default/template/product/product.tpl on line 7
2017-07-07 2:58:31 - PHP Notice:  Undefined variable: class in /home/html/jeremycastillo/catalog/view/theme/default/template/product/product.tpl on line 5
2017-07-07 2:58:31 - PHP Notice:  Undefined variable: class in /home/html/jeremycastillo/catalog/view/theme/default/template/product/product.tpl on line 7
2017-07-07 3:00:08 - PHP Notice:  Undefined variable: class in /home/html/jeremycastillo/catalog/view/theme/default/template/product/product.tpl on line 5
2017-07-07 3:00:08 - PHP Notice:  Undefined variable: class in /home/html/jeremycastillo/catalog/view/theme/default/template/product/product.tpl on line 7
2017-07-07 3:00:56 - PHP Notice:  Undefined variable: class in /home/html/jeremycastillo/catalog/view/theme/default/template/product/product.tpl on line 5
2017-07-07 3:00:56 - PHP Notice:  Undefined variable: class in /home/html/jeremycastillo/catalog/view/theme/default/template/product/product.tpl on line 7
2017-07-07 3:01:48 - PHP Notice:  Undefined variable: class in /home/html/jeremycastillo/catalog/view/theme/default/template/product/product.tpl on line 5
2017-07-07 3:01:48 - PHP Notice:  Undefined variable: class in /home/html/jeremycastillo/catalog/view/theme/default/template/product/product.tpl on line 7
2017-07-07 3:02:35 - PHP Notice:  Undefined variable: class in /home/html/jeremycastillo/catalog/view/theme/default/template/product/product.tpl on line 5
2017-07-07 3:02:35 - PHP Notice:  Undefined variable: class in /home/html/jeremycastillo/catalog/view/theme/default/template/product/product.tpl on line 7
2017-07-07 3:06:31 - PHP Notice:  Undefined variable: class in /home/html/jeremycastillo/catalog/view/theme/default/template/product/product.tpl on line 5
2017-07-07 3:06:31 - PHP Notice:  Undefined variable: class in /home/html/jeremycastillo/catalog/view/theme/default/template/product/product.tpl on line 7
2017-07-07 3:07:56 - PHP Notice:  Undefined variable: class in /home/html/jeremycastillo/catalog/view/theme/default/template/product/product.tpl on line 5
2017-07-07 3:07:56 - PHP Notice:  Undefined variable: class in /home/html/jeremycastillo/catalog/view/theme/default/template/product/product.tpl on line 7
2017-07-07 3:11:02 - PHP Notice:  Undefined variable: class in /home/html/jeremycastillo/catalog/view/theme/default/template/product/product.tpl on line 5
2017-07-07 3:11:02 - PHP Notice:  Undefined variable: class in /home/html/jeremycastillo/catalog/view/theme/default/template/product/product.tpl on line 7
2017-07-07 3:11:21 - PHP Notice:  Undefined variable: class in /home/html/jeremycastillo/catalog/view/theme/default/template/product/product.tpl on line 5
2017-07-07 3:11:21 - PHP Notice:  Undefined variable: class in /home/html/jeremycastillo/catalog/view/theme/default/template/product/product.tpl on line 7
2017-07-07 3:13:00 - PHP Notice:  Undefined variable: class in /home/html/jeremycastillo/catalog/view/theme/default/template/product/product.tpl on line 5
2017-07-07 3:13:00 - PHP Notice:  Undefined variable: class in /home/html/jeremycastillo/catalog/view/theme/default/template/product/product.tpl on line 7
2017-07-07 3:13:32 - PHP Notice:  Undefined variable: class in /home/html/jeremycastillo/catalog/view/theme/default/template/blog/category.tpl on line 4
2017-07-07 3:13:51 - PHP Notice:  Undefined variable: class in /home/html/jeremycastillo/catalog/view/theme/default/template/product/product.tpl on line 5
2017-07-07 3:13:51 - PHP Notice:  Undefined variable: class in /home/html/jeremycastillo/catalog/view/theme/default/template/product/product.tpl on line 7
2017-07-07 3:29:23 - PHP Notice:  Undefined variable: class in /home/html/jeremycastillo/catalog/view/theme/default/template/blog/category.tpl on line 4
2017-07-07 3:29:40 - PHP Notice:  Undefined variable: class in /home/html/jeremycastillo/catalog/view/theme/default/template/product/product.tpl on line 5
2017-07-07 3:29:40 - PHP Notice:  Undefined variable: class in /home/html/jeremycastillo/catalog/view/theme/default/template/product/product.tpl on line 7
2017-07-07 3:29:48 - PHP Notice:  Undefined variable: class in /home/html/jeremycastillo/catalog/view/theme/default/template/product/product.tpl on line 5
2017-07-07 3:29:48 - PHP Notice:  Undefined variable: class in /home/html/jeremycastillo/catalog/view/theme/default/template/product/product.tpl on line 7
2017-07-07 3:30:28 - PHP Notice:  Undefined variable: class in /home/html/jeremycastillo/catalog/view/theme/default/template/product/product.tpl on line 5
2017-07-07 3:30:28 - PHP Notice:  Undefined variable: class in /home/html/jeremycastillo/catalog/view/theme/default/template/product/product.tpl on line 7
2017-07-07 3:30:47 - PHP Notice:  Undefined variable: class in /home/html/jeremycastillo/catalog/view/theme/default/template/blog/category.tpl on line 4
